Analysis & Synthesis report for Lab6
Thu Oct 28 17:11:38 2021
Quartus Prime Version 18.1.0 Build 625 09/12/2018 SJ Lite Edition


---------------------
; Table of Contents ;
---------------------
  1. Legal Notice
  2. Analysis & Synthesis Summary
  3. Analysis & Synthesis Settings
  4. Parallel Compilation
  5. Analysis & Synthesis Source Files Read
  6. Analysis & Synthesis Resource Usage Summary
  7. Analysis & Synthesis Resource Utilization by Entity
  8. State Machine - |lab6_toplevel|slc3:my_slc|ISDU:state_controller|State
  9. Registers Removed During Synthesis
 10. General Register Statistics
 11. Multiplexer Restructuring Statistics (Restructuring Performed)
 12. Parameter Settings for User Entity Instance: slc3:my_slc|datapath:d0|multiplexer2_1:DR_MUX
 13. Parameter Settings for User Entity Instance: slc3:my_slc|datapath:d0|multiplexer4_1:PC_MUX
 14. Parameter Settings for User Entity Instance: slc3:my_slc|datapath:d0|multiplexer2_1:SR2_MUX
 15. Parameter Settings for User Entity Instance: slc3:my_slc|datapath:d0|multiplexer2_1:SR1_MUX
 16. Parameter Settings for User Entity Instance: slc3:my_slc|datapath:d0|multiplexer2_1:ADDR1_MUX
 17. Parameter Settings for User Entity Instance: slc3:my_slc|datapath:d0|multiplexer4_1:ADDR2_MUX
 18. Parameter Settings for User Entity Instance: slc3:my_slc|datapath:d0|multiplexer2_1:MDR_MUX
 19. Parameter Settings for User Entity Instance: slc3:my_slc|tristate:tr0
 20. Parameter Settings for User Entity Instance: test_memory:my_test_memory
 21. Parameter Settings for User Entity Instance: test_memory:my_test_memory|memory_parser:parser
 22. Port Connectivity Checks: "slc3:my_slc|ISDU:state_controller"
 23. Port Connectivity Checks: "slc3:my_slc|Mem2IO:memory_subsystem"
 24. Port Connectivity Checks: "slc3:my_slc|datapath:d0|regfile:RegFile"
 25. Port Connectivity Checks: "slc3:my_slc|datapath:d0|multiplexer4_1:ADDR2_MUX"
 26. Port Connectivity Checks: "slc3:my_slc|datapath:d0|multiplexer2_1:SR2_MUX"
 27. Port Connectivity Checks: "slc3:my_slc|datapath:d0|multiplexer4_1:PC_MUX"
 28. Port Connectivity Checks: "slc3:my_slc|datapath:d0|multiplexer2_1:DR_MUX"
 29. Post-Synthesis Netlist Statistics for Top Partition
 30. Elapsed Time Per Partition
 31. Analysis & Synthesis Messages
 32. Analysis & Synthesis Suppressed Messages



----------------
; Legal Notice ;
----------------
Copyright (C) 2018  Intel Corporation. All rights reserved.
Your use of Intel Corporation's design tools, logic functions 
and other software and tools, and its AMPP partner logic 
functions, and any output files from any of the foregoing 
(including device programming or simulation files), and any 
associated documentation or information are expressly subject 
to the terms and conditions of the Intel Program License 
Subscription Agreement, the Intel Quartus Prime License Agreement,
the Intel FPGA IP License Agreement, or other applicable license
agreement, including, without limitation, that your use is for
the sole purpose of programming logic devices manufactured by
Intel and sold by Intel or its authorized distributors.  Please
refer to the applicable agreement for further details.



+----------------------------------------------------------------------------------+
; Analysis & Synthesis Summary                                                     ;
+------------------------------------+---------------------------------------------+
; Analysis & Synthesis Status        ; Successful - Thu Oct 28 17:11:38 2021       ;
; Quartus Prime Version              ; 18.1.0 Build 625 09/12/2018 SJ Lite Edition ;
; Revision Name                      ; Lab6                                        ;
; Top-level Entity Name              ; lab6_toplevel                               ;
; Family                             ; Cyclone IV E                                ;
; Total logic elements               ; 184                                         ;
;     Total combinational functions  ; 136                                         ;
;     Dedicated logic registers      ; 103                                         ;
; Total registers                    ; 103                                         ;
; Total pins                         ; 129                                         ;
; Total virtual pins                 ; 0                                           ;
; Total memory bits                  ; 0                                           ;
; Embedded Multiplier 9-bit elements ; 0                                           ;
; Total PLLs                         ; 0                                           ;
+------------------------------------+---------------------------------------------+


+------------------------------------------------------------------------------------------------------------+
; Analysis & Synthesis Settings                                                                              ;
+------------------------------------------------------------------+--------------------+--------------------+
; Option                                                           ; Setting            ; Default Value      ;
+------------------------------------------------------------------+--------------------+--------------------+
; Device                                                           ; EP4CE115F29C7      ;                    ;
; Top-level entity name                                            ; lab6_toplevel      ; Lab6               ;
; Family name                                                      ; Cyclone IV E       ; Cyclone V          ;
; Use smart compilation                                            ; Off                ; Off                ;
; Enable parallel Assembler and Timing Analyzer during compilation ; On                 ; On                 ;
; Enable compact report table                                      ; Off                ; Off                ;
; Restructure Multiplexers                                         ; Auto               ; Auto               ;
; Create Debugging Nodes for IP Cores                              ; Off                ; Off                ;
; Preserve fewer node names                                        ; On                 ; On                 ;
; Intel FPGA IP Evaluation Mode                                    ; Enable             ; Enable             ;
; Verilog Version                                                  ; Verilog_2001       ; Verilog_2001       ;
; VHDL Version                                                     ; VHDL_1993          ; VHDL_1993          ;
; State Machine Processing                                         ; Auto               ; Auto               ;
; Safe State Machine                                               ; Off                ; Off                ;
; Extract Verilog State Machines                                   ; On                 ; On                 ;
; Extract VHDL State Machines                                      ; On                 ; On                 ;
; Ignore Verilog initial constructs                                ; Off                ; Off                ;
; Iteration limit for constant Verilog loops                       ; 5000               ; 5000               ;
; Iteration limit for non-constant Verilog loops                   ; 250                ; 250                ;
; Add Pass-Through Logic to Inferred RAMs                          ; On                 ; On                 ;
; Infer RAMs from Raw Logic                                        ; On                 ; On                 ;
; Parallel Synthesis                                               ; On                 ; On                 ;
; DSP Block Balancing                                              ; Auto               ; Auto               ;
; NOT Gate Push-Back                                               ; On                 ; On                 ;
; Power-Up Don't Care                                              ; On                 ; On                 ;
; Remove Redundant Logic Cells                                     ; Off                ; Off                ;
; Remove Duplicate Registers                                       ; On                 ; On                 ;
; Ignore CARRY Buffers                                             ; Off                ; Off                ;
; Ignore CASCADE Buffers                                           ; Off                ; Off                ;
; Ignore GLOBAL Buffers                                            ; Off                ; Off                ;
; Ignore ROW GLOBAL Buffers                                        ; Off                ; Off                ;
; Ignore LCELL Buffers                                             ; Off                ; Off                ;
; Ignore SOFT Buffers                                              ; On                 ; On                 ;
; Limit AHDL Integers to 32 Bits                                   ; Off                ; Off                ;
; Optimization Technique                                           ; Balanced           ; Balanced           ;
; Carry Chain Length                                               ; 70                 ; 70                 ;
; Auto Carry Chains                                                ; On                 ; On                 ;
; Auto Open-Drain Pins                                             ; On                 ; On                 ;
; Perform WYSIWYG Primitive Resynthesis                            ; Off                ; Off                ;
; Auto ROM Replacement                                             ; On                 ; On                 ;
; Auto RAM Replacement                                             ; On                 ; On                 ;
; Auto DSP Block Replacement                                       ; On                 ; On                 ;
; Auto Shift Register Replacement                                  ; Auto               ; Auto               ;
; Allow Shift Register Merging across Hierarchies                  ; Auto               ; Auto               ;
; Auto Clock Enable Replacement                                    ; On                 ; On                 ;
; Strict RAM Replacement                                           ; Off                ; Off                ;
; Allow Synchronous Control Signals                                ; On                 ; On                 ;
; Force Use of Synchronous Clear Signals                           ; Off                ; Off                ;
; Auto RAM Block Balancing                                         ; On                 ; On                 ;
; Auto RAM to Logic Cell Conversion                                ; Off                ; Off                ;
; Auto Resource Sharing                                            ; Off                ; Off                ;
; Allow Any RAM Size For Recognition                               ; Off                ; Off                ;
; Allow Any ROM Size For Recognition                               ; Off                ; Off                ;
; Allow Any Shift Register Size For Recognition                    ; Off                ; Off                ;
; Use LogicLock Constraints during Resource Balancing              ; On                 ; On                 ;
; Ignore translate_off and synthesis_off directives                ; Off                ; Off                ;
; Timing-Driven Synthesis                                          ; On                 ; On                 ;
; Report Parameter Settings                                        ; On                 ; On                 ;
; Report Source Assignments                                        ; On                 ; On                 ;
; Report Connectivity Checks                                       ; On                 ; On                 ;
; Ignore Maximum Fan-Out Assignments                               ; Off                ; Off                ;
; Synchronization Register Chain Length                            ; 2                  ; 2                  ;
; Power Optimization During Synthesis                              ; Normal compilation ; Normal compilation ;
; HDL message level                                                ; Level2             ; Level2             ;
; Suppress Register Optimization Related Messages                  ; Off                ; Off                ;
; Number of Removed Registers Reported in Synthesis Report         ; 5000               ; 5000               ;
; Number of Swept Nodes Reported in Synthesis Report               ; 5000               ; 5000               ;
; Number of Inverted Registers Reported in Synthesis Report        ; 100                ; 100                ;
; Clock MUX Protection                                             ; On                 ; On                 ;
; Auto Gated Clock Conversion                                      ; Off                ; Off                ;
; Block Design Naming                                              ; Auto               ; Auto               ;
; SDC constraint protection                                        ; Off                ; Off                ;
; Synthesis Effort                                                 ; Auto               ; Auto               ;
; Shift Register Replacement - Allow Asynchronous Clear Signal     ; On                 ; On                 ;
; Pre-Mapping Resynthesis Optimization                             ; Off                ; Off                ;
; Analysis & Synthesis Message Level                               ; Medium             ; Medium             ;
; Disable Register Merging Across Hierarchies                      ; Auto               ; Auto               ;
; Resource Aware Inference For Block RAM                           ; On                 ; On                 ;
+------------------------------------------------------------------+--------------------+--------------------+


+------------------------------------------+
; Parallel Compilation                     ;
+----------------------------+-------------+
; Processors                 ; Number      ;
+----------------------------+-------------+
; Number detected on machine ; 8           ;
; Maximum allowed            ; 4           ;
;                            ;             ;
; Average used               ; 1.00        ;
; Maximum used               ; 4           ;
;                            ;             ;
; Usage by Processor         ; % Time Used ;
;     Processor 1            ; 100.0%      ;
;     Processors 2-4         ;   0.0%      ;
+----------------------------+-------------+


+---------------------------------------------------------------------------------------------------------------------------------------------------------------------------------+
; Analysis & Synthesis Source Files Read                                                                                                                                          ;
+----------------------------------+-----------------+------------------------------+-----------------------------------------------------------------------------------+---------+
; File Name with User-Entered Path ; Used in Netlist ; File Type                    ; File Name with Absolute Path                                                      ; Library ;
+----------------------------------+-----------------+------------------------------+-----------------------------------------------------------------------------------+---------+
; src/tristate.sv                  ; yes             ; User SystemVerilog HDL File  ; D:/home/Documents/University/Lessons/ECE_385/LAB/Lab6/lab6/src/tristate.sv        ;         ;
; src/test_memory.sv               ; yes             ; User SystemVerilog HDL File  ; D:/home/Documents/University/Lessons/ECE_385/LAB/Lab6/lab6/src/test_memory.sv     ;         ;
; src/SLC3_2.sv                    ; yes             ; User SystemVerilog HDL File  ; D:/home/Documents/University/Lessons/ECE_385/LAB/Lab6/lab6/src/SLC3_2.sv          ;         ;
; src/slc3.sv                      ; yes             ; User SystemVerilog HDL File  ; D:/home/Documents/University/Lessons/ECE_385/LAB/Lab6/lab6/src/slc3.sv            ;         ;
; src/regfile.sv                   ; yes             ; User SystemVerilog HDL File  ; D:/home/Documents/University/Lessons/ECE_385/LAB/Lab6/lab6/src/regfile.sv         ;         ;
; src/Reg_16.sv                    ; yes             ; User SystemVerilog HDL File  ; D:/home/Documents/University/Lessons/ECE_385/LAB/Lab6/lab6/src/Reg_16.sv          ;         ;
; src/multiplexer.sv               ; yes             ; User SystemVerilog HDL File  ; D:/home/Documents/University/Lessons/ECE_385/LAB/Lab6/lab6/src/multiplexer.sv     ;         ;
; src/memory_contents.sv           ; yes             ; User SystemVerilog HDL File  ; D:/home/Documents/University/Lessons/ECE_385/LAB/Lab6/lab6/src/memory_contents.sv ;         ;
; src/Mem2IO.sv                    ; yes             ; User SystemVerilog HDL File  ; D:/home/Documents/University/Lessons/ECE_385/LAB/Lab6/lab6/src/Mem2IO.sv          ;         ;
; src/lab6_toplevel.sv             ; yes             ; User SystemVerilog HDL File  ; D:/home/Documents/University/Lessons/ECE_385/LAB/Lab6/lab6/src/lab6_toplevel.sv   ;         ;
; src/ISDU.sv                      ; yes             ; User SystemVerilog HDL File  ; D:/home/Documents/University/Lessons/ECE_385/LAB/Lab6/lab6/src/ISDU.sv            ;         ;
; src/HexDriver.sv                 ; yes             ; User SystemVerilog HDL File  ; D:/home/Documents/University/Lessons/ECE_385/LAB/Lab6/lab6/src/HexDriver.sv       ;         ;
; src/datapath.sv                  ; yes             ; User SystemVerilog HDL File  ; D:/home/Documents/University/Lessons/ECE_385/LAB/Lab6/lab6/src/datapath.sv        ;         ;
; src/ALU.sv                       ; yes             ; User SystemVerilog HDL File  ; D:/home/Documents/University/Lessons/ECE_385/LAB/Lab6/lab6/src/ALU.sv             ;         ;
+----------------------------------+-----------------+------------------------------+-----------------------------------------------------------------------------------+---------+


+---------------------------------------------------------+
; Analysis & Synthesis Resource Usage Summary             ;
+---------------------------------------------+-----------+
; Resource                                    ; Usage     ;
+---------------------------------------------+-----------+
; Estimated Total logic elements              ; 184       ;
;                                             ;           ;
; Total combinational functions               ; 136       ;
; Logic element usage by number of LUT inputs ;           ;
;     -- 4 input functions                    ; 79        ;
;     -- 3 input functions                    ; 18        ;
;     -- <=2 input functions                  ; 39        ;
;                                             ;           ;
; Logic elements by mode                      ;           ;
;     -- normal mode                          ; 121       ;
;     -- arithmetic mode                      ; 15        ;
;                                             ;           ;
; Total registers                             ; 103       ;
;     -- Dedicated logic registers            ; 103       ;
;     -- I/O registers                        ; 0         ;
;                                             ;           ;
; I/O pins                                    ; 129       ;
;                                             ;           ;
; Embedded Multiplier 9-bit elements          ; 0         ;
;                                             ;           ;
; Maximum fan-out node                        ; Clk~input ;
; Maximum fan-out                             ; 103       ;
; Total fan-out                               ; 1017      ;
; Average fan-out                             ; 1.98      ;
+---------------------------------------------+-----------+


+-----------------------------------------------------------------------------------------------------------------------------------------------------------------------------------------------------------------------------------------------------------------------+
; Analysis & Synthesis Resource Utilization by Entity                                                                                                                                                                                                                   ;
+----------------------------------------+---------------------+---------------------------+-------------+--------------+---------+-----------+------+--------------+--------------------------------------------------------------------+---------------+--------------+
; Compilation Hierarchy Node             ; Combinational ALUTs ; Dedicated Logic Registers ; Memory Bits ; DSP Elements ; DSP 9x9 ; DSP 18x18 ; Pins ; Virtual Pins ; Full Hierarchy Name                                                ; Entity Name   ; Library Name ;
+----------------------------------------+---------------------+---------------------------+-------------+--------------+---------+-----------+------+--------------+--------------------------------------------------------------------+---------------+--------------+
; |lab6_toplevel                         ; 136 (0)             ; 103 (0)                   ; 0           ; 0            ; 0       ; 0         ; 129  ; 0            ; |lab6_toplevel                                                     ; lab6_toplevel ; work         ;
;    |slc3:my_slc|                       ; 136 (0)             ; 103 (0)                   ; 0           ; 0            ; 0       ; 0         ; 0    ; 0            ; |lab6_toplevel|slc3:my_slc                                         ; slc3          ; work         ;
;       |HexDriver:hex_driver0|          ; 7 (7)               ; 0 (0)                     ; 0           ; 0            ; 0       ; 0         ; 0    ; 0            ; |lab6_toplevel|slc3:my_slc|HexDriver:hex_driver0                   ; HexDriver     ; work         ;
;       |HexDriver:hex_driver1|          ; 7 (7)               ; 0 (0)                     ; 0           ; 0            ; 0       ; 0         ; 0    ; 0            ; |lab6_toplevel|slc3:my_slc|HexDriver:hex_driver1                   ; HexDriver     ; work         ;
;       |HexDriver:hex_driver2|          ; 7 (7)               ; 0 (0)                     ; 0           ; 0            ; 0       ; 0         ; 0    ; 0            ; |lab6_toplevel|slc3:my_slc|HexDriver:hex_driver2                   ; HexDriver     ; work         ;
;       |HexDriver:hex_driver3|          ; 7 (7)               ; 0 (0)                     ; 0           ; 0            ; 0       ; 0         ; 0    ; 0            ; |lab6_toplevel|slc3:my_slc|HexDriver:hex_driver3                   ; HexDriver     ; work         ;
;       |HexDriver:hex_driver4|          ; 7 (7)               ; 0 (0)                     ; 0           ; 0            ; 0       ; 0         ; 0    ; 0            ; |lab6_toplevel|slc3:my_slc|HexDriver:hex_driver4                   ; HexDriver     ; work         ;
;       |HexDriver:hex_driver5|          ; 7 (7)               ; 0 (0)                     ; 0           ; 0            ; 0       ; 0         ; 0    ; 0            ; |lab6_toplevel|slc3:my_slc|HexDriver:hex_driver5                   ; HexDriver     ; work         ;
;       |HexDriver:hex_driver6|          ; 7 (7)               ; 0 (0)                     ; 0           ; 0            ; 0       ; 0         ; 0    ; 0            ; |lab6_toplevel|slc3:my_slc|HexDriver:hex_driver6                   ; HexDriver     ; work         ;
;       |HexDriver:hex_driver7|          ; 7 (7)               ; 0 (0)                     ; 0           ; 0            ; 0       ; 0         ; 0    ; 0            ; |lab6_toplevel|slc3:my_slc|HexDriver:hex_driver7                   ; HexDriver     ; work         ;
;       |ISDU:state_controller|          ; 8 (8)               ; 7 (7)                     ; 0           ; 0            ; 0       ; 0         ; 0    ; 0            ; |lab6_toplevel|slc3:my_slc|ISDU:state_controller                   ; ISDU          ; work         ;
;       |Mem2IO:memory_subsystem|        ; 5 (5)               ; 0 (0)                     ; 0           ; 0            ; 0       ; 0         ; 0    ; 0            ; |lab6_toplevel|slc3:my_slc|Mem2IO:memory_subsystem                 ; Mem2IO        ; work         ;
;       |datapath:d0|                    ; 67 (0)              ; 64 (0)                    ; 0           ; 0            ; 0       ; 0         ; 0    ; 0            ; |lab6_toplevel|slc3:my_slc|datapath:d0                             ; datapath      ; work         ;
;          |reg_16:REG_IR|               ; 17 (17)             ; 16 (16)                   ; 0           ; 0            ; 0       ; 0         ; 0    ; 0            ; |lab6_toplevel|slc3:my_slc|datapath:d0|reg_16:REG_IR               ; reg_16        ; work         ;
;          |reg_16:REG_MAR|              ; 1 (1)               ; 16 (16)                   ; 0           ; 0            ; 0       ; 0         ; 0    ; 0            ; |lab6_toplevel|slc3:my_slc|datapath:d0|reg_16:REG_MAR              ; reg_16        ; work         ;
;          |reg_16:REG_MDR|              ; 17 (17)             ; 16 (16)                   ; 0           ; 0            ; 0       ; 0         ; 0    ; 0            ; |lab6_toplevel|slc3:my_slc|datapath:d0|reg_16:REG_MDR              ; reg_16        ; work         ;
;          |reg_16:REG_PC|               ; 16 (16)             ; 16 (16)                   ; 0           ; 0            ; 0       ; 0         ; 0    ; 0            ; |lab6_toplevel|slc3:my_slc|datapath:d0|reg_16:REG_PC               ; reg_16        ; work         ;
;          |tristate_gate:Tristate_Gate| ; 16 (16)             ; 0 (0)                     ; 0           ; 0            ; 0       ; 0         ; 0    ; 0            ; |lab6_toplevel|slc3:my_slc|datapath:d0|tristate_gate:Tristate_Gate ; tristate_gate ; work         ;
;       |tristate:tr0|                   ; 0 (0)               ; 32 (32)                   ; 0           ; 0            ; 0       ; 0         ; 0    ; 0            ; |lab6_toplevel|slc3:my_slc|tristate:tr0                            ; tristate      ; work         ;
+----------------------------------------+---------------------+---------------------------+-------------+--------------+---------+-----------+------+--------------+--------------------------------------------------------------------+---------------+--------------+
Note: For table entries with two numbers listed, the numbers in parentheses indicate the number of resources of the given type used by the specific entity alone. The numbers listed outside of parentheses indicate the total resources of the given type used by the specific entity and all of its sub-entities in the hierarchy.


Encoding Type:  One-Hot
+---------------------------------------------------------------------------------------------------------------------------------------------------+
; State Machine - |lab6_toplevel|slc3:my_slc|ISDU:state_controller|State                                                                            ;
+----------------+------------+------------+--------------+--------------+------------+----------------+----------------+--------------+------------+
; Name           ; State.S_32 ; State.S_35 ; State.S_33_2 ; State.S_33_1 ; State.S_18 ; State.PauseIR2 ; State.PauseIR1 ; State.Halted ; State.S_01 ;
+----------------+------------+------------+--------------+--------------+------------+----------------+----------------+--------------+------------+
; State.Halted   ; 0          ; 0          ; 0            ; 0            ; 0          ; 0              ; 0              ; 0            ; 0          ;
; State.PauseIR1 ; 0          ; 0          ; 0            ; 0            ; 0          ; 0              ; 1              ; 1            ; 0          ;
; State.PauseIR2 ; 0          ; 0          ; 0            ; 0            ; 0          ; 1              ; 0              ; 1            ; 0          ;
; State.S_18     ; 0          ; 0          ; 0            ; 0            ; 1          ; 0              ; 0              ; 1            ; 0          ;
; State.S_33_1   ; 0          ; 0          ; 0            ; 1            ; 0          ; 0              ; 0              ; 1            ; 0          ;
; State.S_33_2   ; 0          ; 0          ; 1            ; 0            ; 0          ; 0              ; 0              ; 1            ; 0          ;
; State.S_35     ; 0          ; 1          ; 0            ; 0            ; 0          ; 0              ; 0              ; 1            ; 0          ;
; State.S_32     ; 1          ; 0          ; 0            ; 0            ; 0          ; 0              ; 0              ; 1            ; 0          ;
; State.S_01     ; 0          ; 0          ; 0            ; 0            ; 0          ; 0              ; 0              ; 1            ; 1          ;
+----------------+------------+------------+--------------+--------------+------------+----------------+----------------+--------------+------------+


+-----------------------------------------------------------------------------------------------+
; Registers Removed During Synthesis                                                            ;
+--------------------------------------------------------+--------------------------------------+
; Register name                                          ; Reason for Removal                   ;
+--------------------------------------------------------+--------------------------------------+
; slc3:my_slc|datapath:d0|regfile:RegFile|Reg_Out[1][0]  ; Stuck at GND due to stuck port clock ;
; slc3:my_slc|datapath:d0|regfile:RegFile|Reg_Out[0][15] ; Stuck at GND due to stuck port clock ;
; slc3:my_slc|datapath:d0|regfile:RegFile|Reg_Out[0][14] ; Stuck at GND due to stuck port clock ;
; slc3:my_slc|datapath:d0|regfile:RegFile|Reg_Out[0][13] ; Stuck at GND due to stuck port clock ;
; slc3:my_slc|datapath:d0|regfile:RegFile|Reg_Out[0][12] ; Stuck at GND due to stuck port clock ;
; slc3:my_slc|datapath:d0|regfile:RegFile|Reg_Out[0][11] ; Stuck at GND due to stuck port clock ;
; slc3:my_slc|datapath:d0|regfile:RegFile|Reg_Out[0][10] ; Stuck at GND due to stuck port clock ;
; slc3:my_slc|datapath:d0|regfile:RegFile|Reg_Out[0][9]  ; Stuck at GND due to stuck port clock ;
; slc3:my_slc|datapath:d0|regfile:RegFile|Reg_Out[0][8]  ; Stuck at GND due to stuck port clock ;
; slc3:my_slc|datapath:d0|regfile:RegFile|Reg_Out[0][7]  ; Stuck at GND due to stuck port clock ;
; slc3:my_slc|datapath:d0|regfile:RegFile|Reg_Out[0][6]  ; Stuck at GND due to stuck port clock ;
; slc3:my_slc|datapath:d0|regfile:RegFile|Reg_Out[0][5]  ; Stuck at GND due to stuck port clock ;
; slc3:my_slc|datapath:d0|regfile:RegFile|Reg_Out[0][4]  ; Stuck at GND due to stuck port clock ;
; slc3:my_slc|datapath:d0|regfile:RegFile|Reg_Out[0][3]  ; Stuck at GND due to stuck port clock ;
; slc3:my_slc|datapath:d0|regfile:RegFile|Reg_Out[0][2]  ; Stuck at GND due to stuck port clock ;
; slc3:my_slc|datapath:d0|regfile:RegFile|Reg_Out[0][1]  ; Stuck at GND due to stuck port clock ;
; slc3:my_slc|datapath:d0|regfile:RegFile|Reg_Out[0][0]  ; Stuck at GND due to stuck port clock ;
; slc3:my_slc|datapath:d0|regfile:RegFile|Reg_Out[1][1]  ; Stuck at GND due to stuck port clock ;
; slc3:my_slc|datapath:d0|regfile:RegFile|Reg_Out[1][2]  ; Stuck at GND due to stuck port clock ;
; slc3:my_slc|datapath:d0|regfile:RegFile|Reg_Out[1][3]  ; Stuck at GND due to stuck port clock ;
; slc3:my_slc|datapath:d0|regfile:RegFile|Reg_Out[1][4]  ; Stuck at GND due to stuck port clock ;
; slc3:my_slc|datapath:d0|regfile:RegFile|Reg_Out[1][5]  ; Stuck at GND due to stuck port clock ;
; slc3:my_slc|datapath:d0|regfile:RegFile|Reg_Out[1][6]  ; Stuck at GND due to stuck port clock ;
; slc3:my_slc|datapath:d0|regfile:RegFile|Reg_Out[1][7]  ; Stuck at GND due to stuck port clock ;
; slc3:my_slc|datapath:d0|regfile:RegFile|Reg_Out[1][8]  ; Stuck at GND due to stuck port clock ;
; slc3:my_slc|datapath:d0|regfile:RegFile|Reg_Out[1][9]  ; Stuck at GND due to stuck port clock ;
; slc3:my_slc|datapath:d0|regfile:RegFile|Reg_Out[1][10] ; Stuck at GND due to stuck port clock ;
; slc3:my_slc|datapath:d0|regfile:RegFile|Reg_Out[1][11] ; Stuck at GND due to stuck port clock ;
; slc3:my_slc|datapath:d0|regfile:RegFile|Reg_Out[1][12] ; Stuck at GND due to stuck port clock ;
; slc3:my_slc|datapath:d0|regfile:RegFile|Reg_Out[1][13] ; Stuck at GND due to stuck port clock ;
; slc3:my_slc|datapath:d0|regfile:RegFile|Reg_Out[1][14] ; Stuck at GND due to stuck port clock ;
; slc3:my_slc|datapath:d0|regfile:RegFile|Reg_Out[1][15] ; Stuck at GND due to stuck port clock ;
; slc3:my_slc|datapath:d0|regfile:RegFile|Reg_Out[2][0]  ; Stuck at GND due to stuck port clock ;
; slc3:my_slc|datapath:d0|regfile:RegFile|Reg_Out[2][1]  ; Stuck at GND due to stuck port clock ;
; slc3:my_slc|datapath:d0|regfile:RegFile|Reg_Out[2][2]  ; Stuck at GND due to stuck port clock ;
; slc3:my_slc|datapath:d0|regfile:RegFile|Reg_Out[2][3]  ; Stuck at GND due to stuck port clock ;
; slc3:my_slc|datapath:d0|regfile:RegFile|Reg_Out[2][4]  ; Stuck at GND due to stuck port clock ;
; slc3:my_slc|datapath:d0|regfile:RegFile|Reg_Out[2][5]  ; Stuck at GND due to stuck port clock ;
; slc3:my_slc|datapath:d0|regfile:RegFile|Reg_Out[2][6]  ; Stuck at GND due to stuck port clock ;
; slc3:my_slc|datapath:d0|regfile:RegFile|Reg_Out[2][7]  ; Stuck at GND due to stuck port clock ;
; slc3:my_slc|datapath:d0|regfile:RegFile|Reg_Out[2][8]  ; Stuck at GND due to stuck port clock ;
; slc3:my_slc|datapath:d0|regfile:RegFile|Reg_Out[2][9]  ; Stuck at GND due to stuck port clock ;
; slc3:my_slc|datapath:d0|regfile:RegFile|Reg_Out[2][10] ; Stuck at GND due to stuck port clock ;
; slc3:my_slc|datapath:d0|regfile:RegFile|Reg_Out[2][11] ; Stuck at GND due to stuck port clock ;
; slc3:my_slc|datapath:d0|regfile:RegFile|Reg_Out[2][12] ; Stuck at GND due to stuck port clock ;
; slc3:my_slc|datapath:d0|regfile:RegFile|Reg_Out[2][13] ; Stuck at GND due to stuck port clock ;
; slc3:my_slc|datapath:d0|regfile:RegFile|Reg_Out[2][14] ; Stuck at GND due to stuck port clock ;
; slc3:my_slc|datapath:d0|regfile:RegFile|Reg_Out[2][15] ; Stuck at GND due to stuck port clock ;
; slc3:my_slc|datapath:d0|regfile:RegFile|Reg_Out[3][0]  ; Stuck at GND due to stuck port clock ;
; slc3:my_slc|datapath:d0|regfile:RegFile|Reg_Out[3][1]  ; Stuck at GND due to stuck port clock ;
; slc3:my_slc|datapath:d0|regfile:RegFile|Reg_Out[3][2]  ; Stuck at GND due to stuck port clock ;
; slc3:my_slc|datapath:d0|regfile:RegFile|Reg_Out[3][3]  ; Stuck at GND due to stuck port clock ;
; slc3:my_slc|datapath:d0|regfile:RegFile|Reg_Out[3][4]  ; Stuck at GND due to stuck port clock ;
; slc3:my_slc|datapath:d0|regfile:RegFile|Reg_Out[3][5]  ; Stuck at GND due to stuck port clock ;
; slc3:my_slc|datapath:d0|regfile:RegFile|Reg_Out[3][6]  ; Stuck at GND due to stuck port clock ;
; slc3:my_slc|datapath:d0|regfile:RegFile|Reg_Out[3][7]  ; Stuck at GND due to stuck port clock ;
; slc3:my_slc|datapath:d0|regfile:RegFile|Reg_Out[3][8]  ; Stuck at GND due to stuck port clock ;
; slc3:my_slc|datapath:d0|regfile:RegFile|Reg_Out[3][9]  ; Stuck at GND due to stuck port clock ;
; slc3:my_slc|datapath:d0|regfile:RegFile|Reg_Out[3][10] ; Stuck at GND due to stuck port clock ;
; slc3:my_slc|datapath:d0|regfile:RegFile|Reg_Out[3][11] ; Stuck at GND due to stuck port clock ;
; slc3:my_slc|datapath:d0|regfile:RegFile|Reg_Out[3][12] ; Stuck at GND due to stuck port clock ;
; slc3:my_slc|datapath:d0|regfile:RegFile|Reg_Out[3][13] ; Stuck at GND due to stuck port clock ;
; slc3:my_slc|datapath:d0|regfile:RegFile|Reg_Out[3][14] ; Stuck at GND due to stuck port clock ;
; slc3:my_slc|datapath:d0|regfile:RegFile|Reg_Out[3][15] ; Stuck at GND due to stuck port clock ;
; slc3:my_slc|datapath:d0|regfile:RegFile|Reg_Out[4][0]  ; Stuck at GND due to stuck port clock ;
; slc3:my_slc|datapath:d0|regfile:RegFile|Reg_Out[4][1]  ; Stuck at GND due to stuck port clock ;
; slc3:my_slc|datapath:d0|regfile:RegFile|Reg_Out[4][2]  ; Stuck at GND due to stuck port clock ;
; slc3:my_slc|datapath:d0|regfile:RegFile|Reg_Out[4][3]  ; Stuck at GND due to stuck port clock ;
; slc3:my_slc|datapath:d0|regfile:RegFile|Reg_Out[4][4]  ; Stuck at GND due to stuck port clock ;
; slc3:my_slc|datapath:d0|regfile:RegFile|Reg_Out[4][5]  ; Stuck at GND due to stuck port clock ;
; slc3:my_slc|datapath:d0|regfile:RegFile|Reg_Out[4][6]  ; Stuck at GND due to stuck port clock ;
; slc3:my_slc|datapath:d0|regfile:RegFile|Reg_Out[4][7]  ; Stuck at GND due to stuck port clock ;
; slc3:my_slc|datapath:d0|regfile:RegFile|Reg_Out[4][8]  ; Stuck at GND due to stuck port clock ;
; slc3:my_slc|datapath:d0|regfile:RegFile|Reg_Out[4][9]  ; Stuck at GND due to stuck port clock ;
; slc3:my_slc|datapath:d0|regfile:RegFile|Reg_Out[4][10] ; Stuck at GND due to stuck port clock ;
; slc3:my_slc|datapath:d0|regfile:RegFile|Reg_Out[4][11] ; Stuck at GND due to stuck port clock ;
; slc3:my_slc|datapath:d0|regfile:RegFile|Reg_Out[4][12] ; Stuck at GND due to stuck port clock ;
; slc3:my_slc|datapath:d0|regfile:RegFile|Reg_Out[4][13] ; Stuck at GND due to stuck port clock ;
; slc3:my_slc|datapath:d0|regfile:RegFile|Reg_Out[4][14] ; Stuck at GND due to stuck port clock ;
; slc3:my_slc|datapath:d0|regfile:RegFile|Reg_Out[4][15] ; Stuck at GND due to stuck port clock ;
; slc3:my_slc|datapath:d0|regfile:RegFile|Reg_Out[5][0]  ; Stuck at GND due to stuck port clock ;
; slc3:my_slc|datapath:d0|regfile:RegFile|Reg_Out[5][1]  ; Stuck at GND due to stuck port clock ;
; slc3:my_slc|datapath:d0|regfile:RegFile|Reg_Out[5][2]  ; Stuck at GND due to stuck port clock ;
; slc3:my_slc|datapath:d0|regfile:RegFile|Reg_Out[5][3]  ; Stuck at GND due to stuck port clock ;
; slc3:my_slc|datapath:d0|regfile:RegFile|Reg_Out[5][4]  ; Stuck at GND due to stuck port clock ;
; slc3:my_slc|datapath:d0|regfile:RegFile|Reg_Out[5][5]  ; Stuck at GND due to stuck port clock ;
; slc3:my_slc|datapath:d0|regfile:RegFile|Reg_Out[5][6]  ; Stuck at GND due to stuck port clock ;
; slc3:my_slc|datapath:d0|regfile:RegFile|Reg_Out[5][7]  ; Stuck at GND due to stuck port clock ;
; slc3:my_slc|datapath:d0|regfile:RegFile|Reg_Out[5][8]  ; Stuck at GND due to stuck port clock ;
; slc3:my_slc|datapath:d0|regfile:RegFile|Reg_Out[5][9]  ; Stuck at GND due to stuck port clock ;
; slc3:my_slc|datapath:d0|regfile:RegFile|Reg_Out[5][10] ; Stuck at GND due to stuck port clock ;
; slc3:my_slc|datapath:d0|regfile:RegFile|Reg_Out[5][11] ; Stuck at GND due to stuck port clock ;
; slc3:my_slc|datapath:d0|regfile:RegFile|Reg_Out[5][12] ; Stuck at GND due to stuck port clock ;
; slc3:my_slc|datapath:d0|regfile:RegFile|Reg_Out[5][13] ; Stuck at GND due to stuck port clock ;
; slc3:my_slc|datapath:d0|regfile:RegFile|Reg_Out[5][14] ; Stuck at GND due to stuck port clock ;
; slc3:my_slc|datapath:d0|regfile:RegFile|Reg_Out[5][15] ; Stuck at GND due to stuck port clock ;
; slc3:my_slc|datapath:d0|regfile:RegFile|Reg_Out[6][0]  ; Stuck at GND due to stuck port clock ;
; slc3:my_slc|datapath:d0|regfile:RegFile|Reg_Out[6][1]  ; Stuck at GND due to stuck port clock ;
; slc3:my_slc|datapath:d0|regfile:RegFile|Reg_Out[6][2]  ; Stuck at GND due to stuck port clock ;
; slc3:my_slc|datapath:d0|regfile:RegFile|Reg_Out[6][3]  ; Stuck at GND due to stuck port clock ;
; slc3:my_slc|datapath:d0|regfile:RegFile|Reg_Out[6][4]  ; Stuck at GND due to stuck port clock ;
; slc3:my_slc|datapath:d0|regfile:RegFile|Reg_Out[6][5]  ; Stuck at GND due to stuck port clock ;
; slc3:my_slc|datapath:d0|regfile:RegFile|Reg_Out[6][6]  ; Stuck at GND due to stuck port clock ;
; slc3:my_slc|datapath:d0|regfile:RegFile|Reg_Out[6][7]  ; Stuck at GND due to stuck port clock ;
; slc3:my_slc|datapath:d0|regfile:RegFile|Reg_Out[6][8]  ; Stuck at GND due to stuck port clock ;
; slc3:my_slc|datapath:d0|regfile:RegFile|Reg_Out[6][9]  ; Stuck at GND due to stuck port clock ;
; slc3:my_slc|datapath:d0|regfile:RegFile|Reg_Out[6][10] ; Stuck at GND due to stuck port clock ;
; slc3:my_slc|datapath:d0|regfile:RegFile|Reg_Out[6][11] ; Stuck at GND due to stuck port clock ;
; slc3:my_slc|datapath:d0|regfile:RegFile|Reg_Out[6][12] ; Stuck at GND due to stuck port clock ;
; slc3:my_slc|datapath:d0|regfile:RegFile|Reg_Out[6][13] ; Stuck at GND due to stuck port clock ;
; slc3:my_slc|datapath:d0|regfile:RegFile|Reg_Out[6][14] ; Stuck at GND due to stuck port clock ;
; slc3:my_slc|datapath:d0|regfile:RegFile|Reg_Out[6][15] ; Stuck at GND due to stuck port clock ;
; slc3:my_slc|datapath:d0|regfile:RegFile|Reg_Out[7][0]  ; Stuck at GND due to stuck port clock ;
; slc3:my_slc|datapath:d0|regfile:RegFile|Reg_Out[7][1]  ; Stuck at GND due to stuck port clock ;
; slc3:my_slc|datapath:d0|regfile:RegFile|Reg_Out[7][2]  ; Stuck at GND due to stuck port clock ;
; slc3:my_slc|datapath:d0|regfile:RegFile|Reg_Out[7][3]  ; Stuck at GND due to stuck port clock ;
; slc3:my_slc|datapath:d0|regfile:RegFile|Reg_Out[7][4]  ; Stuck at GND due to stuck port clock ;
; slc3:my_slc|datapath:d0|regfile:RegFile|Reg_Out[7][5]  ; Stuck at GND due to stuck port clock ;
; slc3:my_slc|datapath:d0|regfile:RegFile|Reg_Out[7][6]  ; Stuck at GND due to stuck port clock ;
; slc3:my_slc|datapath:d0|regfile:RegFile|Reg_Out[7][7]  ; Stuck at GND due to stuck port clock ;
; slc3:my_slc|datapath:d0|regfile:RegFile|Reg_Out[7][8]  ; Stuck at GND due to stuck port clock ;
; slc3:my_slc|datapath:d0|regfile:RegFile|Reg_Out[7][9]  ; Stuck at GND due to stuck port clock ;
; slc3:my_slc|datapath:d0|regfile:RegFile|Reg_Out[7][10] ; Stuck at GND due to stuck port clock ;
; slc3:my_slc|datapath:d0|regfile:RegFile|Reg_Out[7][11] ; Stuck at GND due to stuck port clock ;
; slc3:my_slc|datapath:d0|regfile:RegFile|Reg_Out[7][12] ; Stuck at GND due to stuck port clock ;
; slc3:my_slc|datapath:d0|regfile:RegFile|Reg_Out[7][13] ; Stuck at GND due to stuck port clock ;
; slc3:my_slc|datapath:d0|regfile:RegFile|Reg_Out[7][14] ; Stuck at GND due to stuck port clock ;
; slc3:my_slc|datapath:d0|regfile:RegFile|Reg_Out[7][15] ; Stuck at GND due to stuck port clock ;
; slc3:my_slc|ISDU:state_controller|State.S_32           ; Lost fanout                          ;
; slc3:my_slc|ISDU:state_controller|State.S_01           ; Lost fanout                          ;
; slc3:my_slc|ISDU:state_controller|State~2              ; Lost fanout                          ;
; slc3:my_slc|ISDU:state_controller|State~3              ; Lost fanout                          ;
; slc3:my_slc|ISDU:state_controller|State~4              ; Lost fanout                          ;
; Total Number of Removed Registers = 133                ;                                      ;
+--------------------------------------------------------+--------------------------------------+


+------------------------------------------------------+
; General Register Statistics                          ;
+----------------------------------------------+-------+
; Statistic                                    ; Value ;
+----------------------------------------------+-------+
; Total registers                              ; 103   ;
; Number of registers using Synchronous Clear  ; 34    ;
; Number of registers using Synchronous Load   ; 16    ;
; Number of registers using Asynchronous Clear ; 0     ;
; Number of registers using Asynchronous Load  ; 0     ;
; Number of registers using Clock Enable       ; 64    ;
; Number of registers using Preset             ; 0     ;
+----------------------------------------------+-------+


+----------------------------------------------------------------------------------------------------------------------------------------------------------------------------------------+
; Multiplexer Restructuring Statistics (Restructuring Performed)                                                                                                                         ;
+--------------------+-----------+---------------+----------------------+------------------------+------------+--------------------------------------------------------------------------+
; Multiplexer Inputs ; Bus Width ; Baseline Area ; Area if Restructured ; Saving if Restructured ; Registered ; Example Multiplexer Output                                               ;
+--------------------+-----------+---------------+----------------------+------------------------+------------+--------------------------------------------------------------------------+
; 3:1                ; 32 bits   ; 64 LEs        ; 32 LEs               ; 32 LEs                 ; Yes        ; |lab6_toplevel|slc3:my_slc|datapath:d0|reg_16:REG_MAR|Data_Out[0]        ;
; 3:1                ; 16 bits   ; 32 LEs        ; 16 LEs               ; 16 LEs                 ; Yes        ; |lab6_toplevel|slc3:my_slc|datapath:d0|reg_16:REG_IR|Data_Out[10]        ;
; 5:1                ; 16 bits   ; 48 LEs        ; 32 LEs               ; 16 LEs                 ; Yes        ; |lab6_toplevel|slc3:my_slc|datapath:d0|reg_16:REG_MDR|Data_Out[3]        ;
; 4:1                ; 2 bits    ; 4 LEs         ; 4 LEs                ; 0 LEs                  ; No         ; |lab6_toplevel|slc3:my_slc|ISDU:state_controller|State                   ;
; 6:1                ; 16 bits   ; 64 LEs        ; 32 LEs               ; 32 LEs                 ; No         ; |lab6_toplevel|slc3:my_slc|datapath:d0|tristate_gate:Tristate_Gate|Mux12 ;
+--------------------+-----------+---------------+----------------------+------------------------+------------+--------------------------------------------------------------------------+


+--------------------------------------------------------------------------------------------+
; Parameter Settings for User Entity Instance: slc3:my_slc|datapath:d0|multiplexer2_1:DR_MUX ;
+----------------+-------+-------------------------------------------------------------------+
; Parameter Name ; Value ; Type                                                              ;
+----------------+-------+-------------------------------------------------------------------+
; len            ; 3     ; Signed Integer                                                    ;
+----------------+-------+-------------------------------------------------------------------+
Note: In order to hide this table in the UI and the text report file, please set the "Show Parameter Settings in Synthesis Report" option in "Analysis and Synthesis Settings -> More Settings" to "Off".


+--------------------------------------------------------------------------------------------+
; Parameter Settings for User Entity Instance: slc3:my_slc|datapath:d0|multiplexer4_1:PC_MUX ;
+----------------+-------+-------------------------------------------------------------------+
; Parameter Name ; Value ; Type                                                              ;
+----------------+-------+-------------------------------------------------------------------+
; len            ; 16    ; Signed Integer                                                    ;
+----------------+-------+-------------------------------------------------------------------+
Note: In order to hide this table in the UI and the text report file, please set the "Show Parameter Settings in Synthesis Report" option in "Analysis and Synthesis Settings -> More Settings" to "Off".


+---------------------------------------------------------------------------------------------+
; Parameter Settings for User Entity Instance: slc3:my_slc|datapath:d0|multiplexer2_1:SR2_MUX ;
+----------------+-------+--------------------------------------------------------------------+
; Parameter Name ; Value ; Type                                                               ;
+----------------+-------+--------------------------------------------------------------------+
; len            ; 16    ; Signed Integer                                                     ;
+----------------+-------+--------------------------------------------------------------------+
Note: In order to hide this table in the UI and the text report file, please set the "Show Parameter Settings in Synthesis Report" option in "Analysis and Synthesis Settings -> More Settings" to "Off".


+---------------------------------------------------------------------------------------------+
; Parameter Settings for User Entity Instance: slc3:my_slc|datapath:d0|multiplexer2_1:SR1_MUX ;
+----------------+-------+--------------------------------------------------------------------+
; Parameter Name ; Value ; Type                                                               ;
+----------------+-------+--------------------------------------------------------------------+
; len            ; 3     ; Signed Integer                                                     ;
+----------------+-------+--------------------------------------------------------------------+
Note: In order to hide this table in the UI and the text report file, please set the "Show Parameter Settings in Synthesis Report" option in "Analysis and Synthesis Settings -> More Settings" to "Off".


+-----------------------------------------------------------------------------------------------+
; Parameter Settings for User Entity Instance: slc3:my_slc|datapath:d0|multiplexer2_1:ADDR1_MUX ;
+----------------+-------+----------------------------------------------------------------------+
; Parameter Name ; Value ; Type                                                                 ;
+----------------+-------+----------------------------------------------------------------------+
; len            ; 16    ; Signed Integer                                                       ;
+----------------+-------+----------------------------------------------------------------------+
Note: In order to hide this table in the UI and the text report file, please set the "Show Parameter Settings in Synthesis Report" option in "Analysis and Synthesis Settings -> More Settings" to "Off".


+-----------------------------------------------------------------------------------------------+
; Parameter Settings for User Entity Instance: slc3:my_slc|datapath:d0|multiplexer4_1:ADDR2_MUX ;
+----------------+-------+----------------------------------------------------------------------+
; Parameter Name ; Value ; Type                                                                 ;
+----------------+-------+----------------------------------------------------------------------+
; len            ; 16    ; Signed Integer                                                       ;
+----------------+-------+----------------------------------------------------------------------+
Note: In order to hide this table in the UI and the text report file, please set the "Show Parameter Settings in Synthesis Report" option in "Analysis and Synthesis Settings -> More Settings" to "Off".


+---------------------------------------------------------------------------------------------+
; Parameter Settings for User Entity Instance: slc3:my_slc|datapath:d0|multiplexer2_1:MDR_MUX ;
+----------------+-------+--------------------------------------------------------------------+
; Parameter Name ; Value ; Type                                                               ;
+----------------+-------+--------------------------------------------------------------------+
; len            ; 16    ; Signed Integer                                                     ;
+----------------+-------+--------------------------------------------------------------------+
Note: In order to hide this table in the UI and the text report file, please set the "Show Parameter Settings in Synthesis Report" option in "Analysis and Synthesis Settings -> More Settings" to "Off".


+-----------------------------------------------------------------------+
; Parameter Settings for User Entity Instance: slc3:my_slc|tristate:tr0 ;
+----------------+-------+----------------------------------------------+
; Parameter Name ; Value ; Type                                         ;
+----------------+-------+----------------------------------------------+
; N              ; 16    ; Signed Integer                               ;
+----------------+-------+----------------------------------------------+
Note: In order to hide this table in the UI and the text report file, please set the "Show Parameter Settings in Synthesis Report" option in "Analysis and Synthesis Settings -> More Settings" to "Off".


+-------------------------------------------------------------------------+
; Parameter Settings for User Entity Instance: test_memory:my_test_memory ;
+----------------+-------+------------------------------------------------+
; Parameter Name ; Value ; Type                                           ;
+----------------+-------+------------------------------------------------+
; size           ; 256   ; Signed Integer                                 ;
; init_external  ; 0     ; Signed Integer                                 ;
+----------------+-------+------------------------------------------------+
Note: In order to hide this table in the UI and the text report file, please set the "Show Parameter Settings in Synthesis Report" option in "Analysis and Synthesis Settings -> More Settings" to "Off".


+----------------------------------------------------------------------------------------------+
; Parameter Settings for User Entity Instance: test_memory:my_test_memory|memory_parser:parser ;
+----------------+-------+---------------------------------------------------------------------+
; Parameter Name ; Value ; Type                                                                ;
+----------------+-------+---------------------------------------------------------------------+
; size           ; 256   ; Signed Integer                                                      ;
+----------------+-------+---------------------------------------------------------------------+
Note: In order to hide this table in the UI and the text report file, please set the "Show Parameter Settings in Synthesis Report" option in "Analysis and Synthesis Settings -> More Settings" to "Off".


+---------------------------------------------------------------+
; Port Connectivity Checks: "slc3:my_slc|ISDU:state_controller" ;
+------+-------+----------+-------------------------------------+
; Port ; Type  ; Severity ; Details                             ;
+------+-------+----------+-------------------------------------+
; BEN  ; Input ; Info     ; Stuck at GND                        ;
+------+-------+----------+-------------------------------------+


+------------------------------------------------------------------------------------------------------------------------+
; Port Connectivity Checks: "slc3:my_slc|Mem2IO:memory_subsystem"                                                        ;
+--------------+--------+----------+-------------------------------------------------------------------------------------+
; Port         ; Type   ; Severity ; Details                                                                             ;
+--------------+--------+----------+-------------------------------------------------------------------------------------+
; ADDR[19..16] ; Input  ; Info     ; Stuck at GND                                                                        ;
; HEX0         ; Output ; Info     ; Connected to dangling logic. Logic that only feeds a dangling port will be removed. ;
; HEX1         ; Output ; Info     ; Connected to dangling logic. Logic that only feeds a dangling port will be removed. ;
; HEX2         ; Output ; Info     ; Connected to dangling logic. Logic that only feeds a dangling port will be removed. ;
; HEX3         ; Output ; Info     ; Connected to dangling logic. Logic that only feeds a dangling port will be removed. ;
+--------------+--------+----------+-------------------------------------------------------------------------------------+


+---------------------------------------------------------------------+
; Port Connectivity Checks: "slc3:my_slc|datapath:d0|regfile:RegFile" ;
+------+-------+----------+-------------------------------------------+
; Port ; Type  ; Severity ; Details                                   ;
+------+-------+----------+-------------------------------------------+
; SR2  ; Input ; Info     ; Explicitly unconnected                    ;
+------+-------+----------+-------------------------------------------+


+------------------------------------------------------------------------------+
; Port Connectivity Checks: "slc3:my_slc|datapath:d0|multiplexer4_1:ADDR2_MUX" ;
+------+-------+----------+----------------------------------------------------+
; Port ; Type  ; Severity ; Details                                            ;
+------+-------+----------+----------------------------------------------------+
; d0   ; Input ; Info     ; Stuck at GND                                       ;
+------+-------+----------+----------------------------------------------------+


+----------------------------------------------------------------------------------------------------------------+
; Port Connectivity Checks: "slc3:my_slc|datapath:d0|multiplexer2_1:SR2_MUX"                                     ;
+------+--------+----------+-------------------------------------------------------------------------------------+
; Port ; Type   ; Severity ; Details                                                                             ;
+------+--------+----------+-------------------------------------------------------------------------------------+
; out  ; Output ; Info     ; Connected to dangling logic. Logic that only feeds a dangling port will be removed. ;
+------+--------+----------+-------------------------------------------------------------------------------------+


+------------------------------------------------------------------------------------------------------------------------------------------------------------------------+
; Port Connectivity Checks: "slc3:my_slc|datapath:d0|multiplexer4_1:PC_MUX"                                                                                              ;
+------+-------+----------+----------------------------------------------------------------------------------------------------------------------------------------------+
; Port ; Type  ; Severity ; Details                                                                                                                                      ;
+------+-------+----------+----------------------------------------------------------------------------------------------------------------------------------------------+
; d3   ; Input ; Warning  ; Input port expression (2 bits) is smaller than the input port (16 bits) it drives.  Extra input bit(s) "d3[15..2]" will be connected to GND. ;
; d3   ; Input ; Info     ; Stuck at GND                                                                                                                                 ;
+------+-------+----------+----------------------------------------------------------------------------------------------------------------------------------------------+


+------------------------------------------------------------------------------------------------------------------------------------------------------------------------------------------------------------+
; Port Connectivity Checks: "slc3:my_slc|datapath:d0|multiplexer2_1:DR_MUX"                                                                                                                                  ;
+------+-------+----------+----------------------------------------------------------------------------------------------------------------------------------------------------------------------------------+
; Port ; Type  ; Severity ; Details                                                                                                                                                                          ;
+------+-------+----------+----------------------------------------------------------------------------------------------------------------------------------------------------------------------------------+
; sel  ; Input ; Warning  ; Input port expression (2 bits) is wider than the input port (1 bits) it drives.  The 1 most-significant bit(s) in the expression will be dangling if they have no other fanouts. ;
; d0   ; Input ; Info     ; Stuck at VCC                                                                                                                                                                     ;
+------+-------+----------+----------------------------------------------------------------------------------------------------------------------------------------------------------------------------------+


+-----------------------------------------------------+
; Post-Synthesis Netlist Statistics for Top Partition ;
+-----------------------+-----------------------------+
; Type                  ; Count                       ;
+-----------------------+-----------------------------+
; boundary_port         ; 129                         ;
; cycloneiii_ff         ; 103                         ;
;     ENA               ; 32                          ;
;     ENA SCLR          ; 16                          ;
;     ENA SCLR SLD      ; 16                          ;
;     SCLR              ; 2                           ;
;     plain             ; 37                          ;
; cycloneiii_io_obuf    ; 16                          ;
; cycloneiii_lcell_comb ; 146                         ;
;     arith             ; 15                          ;
;         2 data inputs ; 15                          ;
;     normal            ; 131                         ;
;         0 data inputs ; 2                           ;
;         1 data inputs ; 9                           ;
;         2 data inputs ; 23                          ;
;         3 data inputs ; 18                          ;
;         4 data inputs ; 79                          ;
;                       ;                             ;
; Max LUT depth         ; 3.00                        ;
; Average LUT depth     ; 1.50                        ;
+-----------------------+-----------------------------+


+-------------------------------+
; Elapsed Time Per Partition    ;
+----------------+--------------+
; Partition Name ; Elapsed Time ;
+----------------+--------------+
; Top            ; 00:00:00     ;
+----------------+--------------+


+-------------------------------+
; Analysis & Synthesis Messages ;
+-------------------------------+
Info: *******************************************************************
Info: Running Quartus Prime Analysis & Synthesis
    Info: Version 18.1.0 Build 625 09/12/2018 SJ Lite Edition
    Info: Processing started: Thu Oct 28 17:11:25 2021
Info: Command: quartus_map --read_settings_files=on --write_settings_files=off Lab6 -c Lab6
Warning (18236): Number of processors has not been specified which may cause overloading on shared machines.  Set the global assignment NUM_PARALLEL_PROCESSORS in your QSF to an appropriate value for best performance.
Info (20030): Parallel compilation is enabled and will use 4 of the 4 processors detected
Info (12021): Found 1 design units, including 1 entities, in source file src/tristate.sv
    Info (12023): Found entity 1: tristate File: D:/home/Documents/University/Lessons/ECE_385/LAB/Lab6/lab6/src/tristate.sv Line: 16
Info (12021): Found 1 design units, including 1 entities, in source file src/test_memory.sv
    Info (12023): Found entity 1: test_memory File: D:/home/Documents/University/Lessons/ECE_385/LAB/Lab6/lab6/src/test_memory.sv Line: 22
Info (12021): Found 3 design units, including 3 entities, in source file src/synchronizers.sv
    Info (12023): Found entity 1: sync File: D:/home/Documents/University/Lessons/ECE_385/LAB/Lab6/lab6/src/Synchronizers.sv Line: 4
    Info (12023): Found entity 2: sync_r0 File: D:/home/Documents/University/Lessons/ECE_385/LAB/Lab6/lab6/src/Synchronizers.sv Line: 18
    Info (12023): Found entity 3: sync_r1 File: D:/home/Documents/University/Lessons/ECE_385/LAB/Lab6/lab6/src/Synchronizers.sv Line: 39
Info (12021): Found 1 design units, including 0 entities, in source file src/slc3_2.sv
    Info (12022): Found design unit 1: SLC3_2 (SystemVerilog) File: D:/home/Documents/University/Lessons/ECE_385/LAB/Lab6/lab6/src/SLC3_2.sv Line: 24
Info (12021): Found 1 design units, including 1 entities, in source file src/slc3.sv
    Info (12023): Found entity 1: slc3 File: D:/home/Documents/University/Lessons/ECE_385/LAB/Lab6/lab6/src/slc3.sv Line: 19
Info (12021): Found 1 design units, including 1 entities, in source file src/regfile.sv
    Info (12023): Found entity 1: regfile File: D:/home/Documents/University/Lessons/ECE_385/LAB/Lab6/lab6/src/regfile.sv Line: 1
Info (12021): Found 1 design units, including 1 entities, in source file src/reg_16.sv
    Info (12023): Found entity 1: reg_16 File: D:/home/Documents/University/Lessons/ECE_385/LAB/Lab6/lab6/src/Reg_16.sv Line: 1
Info (12021): Found 3 design units, including 3 entities, in source file src/multiplexer.sv
    Info (12023): Found entity 1: multiplexer4_1 File: D:/home/Documents/University/Lessons/ECE_385/LAB/Lab6/lab6/src/multiplexer.sv Line: 1
    Info (12023): Found entity 2: multiplexer2_1 File: D:/home/Documents/University/Lessons/ECE_385/LAB/Lab6/lab6/src/multiplexer.sv Line: 20
    Info (12023): Found entity 3: tristate_gate File: D:/home/Documents/University/Lessons/ECE_385/LAB/Lab6/lab6/src/multiplexer.sv Line: 36
Info (12021): Found 1 design units, including 1 entities, in source file src/memory_contents.sv
    Info (12023): Found entity 1: memory_parser File: D:/home/Documents/University/Lessons/ECE_385/LAB/Lab6/lab6/src/memory_contents.sv Line: 16
Info (12021): Found 1 design units, including 1 entities, in source file src/mem2io.sv
    Info (12023): Found entity 1: Mem2IO File: D:/home/Documents/University/Lessons/ECE_385/LAB/Lab6/lab6/src/Mem2IO.sv Line: 16
Info (12021): Found 1 design units, including 1 entities, in source file src/lab6_toplevel.sv
    Info (12023): Found entity 1: lab6_toplevel File: D:/home/Documents/University/Lessons/ECE_385/LAB/Lab6/lab6/src/lab6_toplevel.sv Line: 10
Info (12021): Found 1 design units, including 1 entities, in source file src/isdu.sv
    Info (12023): Found entity 1: ISDU File: D:/home/Documents/University/Lessons/ECE_385/LAB/Lab6/lab6/src/ISDU.sv Line: 19
Info (12021): Found 1 design units, including 1 entities, in source file src/hexdriver.sv
    Info (12023): Found entity 1: HexDriver File: D:/home/Documents/University/Lessons/ECE_385/LAB/Lab6/lab6/src/HexDriver.sv Line: 1
Info (12021): Found 1 design units, including 1 entities, in source file src/datapath.sv
    Info (12023): Found entity 1: datapath File: D:/home/Documents/University/Lessons/ECE_385/LAB/Lab6/lab6/src/datapath.sv Line: 1
Info (12021): Found 1 design units, including 1 entities, in source file src/ben.sv
    Info (12023): Found entity 1: BEN File: D:/home/Documents/University/Lessons/ECE_385/LAB/Lab6/lab6/src/BEN.sv Line: 1
Info (12021): Found 1 design units, including 1 entities, in source file src/alu.sv
    Info (12023): Found entity 1: ALU File: D:/home/Documents/University/Lessons/ECE_385/LAB/Lab6/lab6/src/ALU.sv Line: 1
Warning (10236): Verilog HDL Implicit Net warning at datapath.sv(168): created implicit net for "LDREG" File: D:/home/Documents/University/Lessons/ECE_385/LAB/Lab6/lab6/src/datapath.sv Line: 168
Warning (10236): Verilog HDL Implicit Net warning at datapath.sv(169): created implicit net for "CLk" File: D:/home/Documents/University/Lessons/ECE_385/LAB/Lab6/lab6/src/datapath.sv Line: 169
Info (12127): Elaborating entity "lab6_toplevel" for the top level hierarchy
Info (12128): Elaborating entity "slc3" for hierarchy "slc3:my_slc" File: D:/home/Documents/University/Lessons/ECE_385/LAB/Lab6/lab6/src/lab6_toplevel.sv Line: 18
Warning (10030): Net "BEN" at slc3.sv(37) has no driver or initial value, using a default initial value '0' File: D:/home/Documents/University/Lessons/ECE_385/LAB/Lab6/lab6/src/slc3.sv Line: 37
Warning (10034): Output port "LED" at slc3.sv(22) has no driver File: D:/home/Documents/University/Lessons/ECE_385/LAB/Lab6/lab6/src/slc3.sv Line: 22
Info (12128): Elaborating entity "HexDriver" for hierarchy "slc3:my_slc|HexDriver:hex_driver3" File: D:/home/Documents/University/Lessons/ECE_385/LAB/Lab6/lab6/src/slc3.sv Line: 52
Info (12128): Elaborating entity "datapath" for hierarchy "slc3:my_slc|datapath:d0" File: D:/home/Documents/University/Lessons/ECE_385/LAB/Lab6/lab6/src/slc3.sv Line: 77
Warning (10858): Verilog HDL warning at datapath.sv(54): object BEN_Out used but never assigned File: D:/home/Documents/University/Lessons/ECE_385/LAB/Lab6/lab6/src/datapath.sv Line: 54
Warning (10036): Verilog HDL or VHDL warning at datapath.sv(56): object "BEN" assigned a value but never read File: D:/home/Documents/University/Lessons/ECE_385/LAB/Lab6/lab6/src/datapath.sv Line: 56
Info (12128): Elaborating entity "multiplexer2_1" for hierarchy "slc3:my_slc|datapath:d0|multiplexer2_1:DR_MUX" File: D:/home/Documents/University/Lessons/ECE_385/LAB/Lab6/lab6/src/datapath.sv Line: 72
Info (12128): Elaborating entity "multiplexer4_1" for hierarchy "slc3:my_slc|datapath:d0|multiplexer4_1:PC_MUX" File: D:/home/Documents/University/Lessons/ECE_385/LAB/Lab6/lab6/src/datapath.sv Line: 83
Info (12128): Elaborating entity "multiplexer2_1" for hierarchy "slc3:my_slc|datapath:d0|multiplexer2_1:SR2_MUX" File: D:/home/Documents/University/Lessons/ECE_385/LAB/Lab6/lab6/src/datapath.sv Line: 91
Info (12128): Elaborating entity "reg_16" for hierarchy "slc3:my_slc|datapath:d0|reg_16:REG_PC" File: D:/home/Documents/University/Lessons/ECE_385/LAB/Lab6/lab6/src/datapath.sv Line: 130
Info (12128): Elaborating entity "ALU" for hierarchy "slc3:my_slc|datapath:d0|ALU:ALU" File: D:/home/Documents/University/Lessons/ECE_385/LAB/Lab6/lab6/src/datapath.sv Line: 161
Info (12128): Elaborating entity "regfile" for hierarchy "slc3:my_slc|datapath:d0|regfile:RegFile" File: D:/home/Documents/University/Lessons/ECE_385/LAB/Lab6/lab6/src/datapath.sv Line: 177
Info (12128): Elaborating entity "tristate_gate" for hierarchy "slc3:my_slc|datapath:d0|tristate_gate:Tristate_Gate" File: D:/home/Documents/University/Lessons/ECE_385/LAB/Lab6/lab6/src/datapath.sv Line: 186
Info (10264): Verilog HDL Case Statement information at multiplexer.sv(44): all case item expressions in this case statement are onehot File: D:/home/Documents/University/Lessons/ECE_385/LAB/Lab6/lab6/src/multiplexer.sv Line: 44
Info (12128): Elaborating entity "Mem2IO" for hierarchy "slc3:my_slc|Mem2IO:memory_subsystem" File: D:/home/Documents/University/Lessons/ECE_385/LAB/Lab6/lab6/src/slc3.sv Line: 85
Info (12128): Elaborating entity "tristate" for hierarchy "slc3:my_slc|tristate:tr0" File: D:/home/Documents/University/Lessons/ECE_385/LAB/Lab6/lab6/src/slc3.sv Line: 90
Info (12128): Elaborating entity "ISDU" for hierarchy "slc3:my_slc|ISDU:state_controller" File: D:/home/Documents/University/Lessons/ECE_385/LAB/Lab6/lab6/src/slc3.sv Line: 97
Info (12128): Elaborating entity "test_memory" for hierarchy "test_memory:my_test_memory" File: D:/home/Documents/University/Lessons/ECE_385/LAB/Lab6/lab6/src/lab6_toplevel.sv Line: 22
Warning (10036): Verilog HDL or VHDL warning at test_memory.sv(42): object "actual_address" assigned a value but never read File: D:/home/Documents/University/Lessons/ECE_385/LAB/Lab6/lab6/src/test_memory.sv Line: 42
Info (12128): Elaborating entity "memory_parser" for hierarchy "test_memory:my_test_memory|memory_parser:parser" File: D:/home/Documents/University/Lessons/ECE_385/LAB/Lab6/lab6/src/test_memory.sv Line: 48
Warning (12241): 2 hierarchies have connectivity warnings - see the Connectivity Checks report folder
Warning (13008): TRI or OPNDRN buffers permanently disabled
    Warning (13010): Node "slc3:my_slc|tristate:tr0|Data[0]~synth" File: D:/home/Documents/University/Lessons/ECE_385/LAB/Lab6/lab6/src/tristate.sv Line: 22
    Warning (13010): Node "slc3:my_slc|tristate:tr0|Data[1]~synth" File: D:/home/Documents/University/Lessons/ECE_385/LAB/Lab6/lab6/src/tristate.sv Line: 22
    Warning (13010): Node "slc3:my_slc|tristate:tr0|Data[2]~synth" File: D:/home/Documents/University/Lessons/ECE_385/LAB/Lab6/lab6/src/tristate.sv Line: 22
    Warning (13010): Node "slc3:my_slc|tristate:tr0|Data[3]~synth" File: D:/home/Documents/University/Lessons/ECE_385/LAB/Lab6/lab6/src/tristate.sv Line: 22
    Warning (13010): Node "slc3:my_slc|tristate:tr0|Data[4]~synth" File: D:/home/Documents/University/Lessons/ECE_385/LAB/Lab6/lab6/src/tristate.sv Line: 22
    Warning (13010): Node "slc3:my_slc|tristate:tr0|Data[5]~synth" File: D:/home/Documents/University/Lessons/ECE_385/LAB/Lab6/lab6/src/tristate.sv Line: 22
    Warning (13010): Node "slc3:my_slc|tristate:tr0|Data[6]~synth" File: D:/home/Documents/University/Lessons/ECE_385/LAB/Lab6/lab6/src/tristate.sv Line: 22
    Warning (13010): Node "slc3:my_slc|tristate:tr0|Data[7]~synth" File: D:/home/Documents/University/Lessons/ECE_385/LAB/Lab6/lab6/src/tristate.sv Line: 22
    Warning (13010): Node "slc3:my_slc|tristate:tr0|Data[8]~synth" File: D:/home/Documents/University/Lessons/ECE_385/LAB/Lab6/lab6/src/tristate.sv Line: 22
    Warning (13010): Node "slc3:my_slc|tristate:tr0|Data[9]~synth" File: D:/home/Documents/University/Lessons/ECE_385/LAB/Lab6/lab6/src/tristate.sv Line: 22
    Warning (13010): Node "slc3:my_slc|tristate:tr0|Data[10]~synth" File: D:/home/Documents/University/Lessons/ECE_385/LAB/Lab6/lab6/src/tristate.sv Line: 22
    Warning (13010): Node "slc3:my_slc|tristate:tr0|Data[11]~synth" File: D:/home/Documents/University/Lessons/ECE_385/LAB/Lab6/lab6/src/tristate.sv Line: 22
    Warning (13010): Node "slc3:my_slc|tristate:tr0|Data[12]~synth" File: D:/home/Documents/University/Lessons/ECE_385/LAB/Lab6/lab6/src/tristate.sv Line: 22
    Warning (13010): Node "slc3:my_slc|tristate:tr0|Data[13]~synth" File: D:/home/Documents/University/Lessons/ECE_385/LAB/Lab6/lab6/src/tristate.sv Line: 22
    Warning (13010): Node "slc3:my_slc|tristate:tr0|Data[14]~synth" File: D:/home/Documents/University/Lessons/ECE_385/LAB/Lab6/lab6/src/tristate.sv Line: 22
    Warning (13010): Node "slc3:my_slc|tristate:tr0|Data[15]~synth" File: D:/home/Documents/University/Lessons/ECE_385/LAB/Lab6/lab6/src/tristate.sv Line: 22
Warning (13024): Output pins are stuck at VCC or GND
    Warning (13410): Pin "LED[0]" is stuck at GND File: D:/home/Documents/University/Lessons/ECE_385/LAB/Lab6/lab6/src/lab6_toplevel.sv Line: 12
    Warning (13410): Pin "LED[1]" is stuck at GND File: D:/home/Documents/University/Lessons/ECE_385/LAB/Lab6/lab6/src/lab6_toplevel.sv Line: 12
    Warning (13410): Pin "LED[2]" is stuck at GND File: D:/home/Documents/University/Lessons/ECE_385/LAB/Lab6/lab6/src/lab6_toplevel.sv Line: 12
    Warning (13410): Pin "LED[3]" is stuck at GND File: D:/home/Documents/University/Lessons/ECE_385/LAB/Lab6/lab6/src/lab6_toplevel.sv Line: 12
    Warning (13410): Pin "LED[4]" is stuck at GND File: D:/home/Documents/University/Lessons/ECE_385/LAB/Lab6/lab6/src/lab6_toplevel.sv Line: 12
    Warning (13410): Pin "LED[5]" is stuck at GND File: D:/home/Documents/University/Lessons/ECE_385/LAB/Lab6/lab6/src/lab6_toplevel.sv Line: 12
    Warning (13410): Pin "LED[6]" is stuck at GND File: D:/home/Documents/University/Lessons/ECE_385/LAB/Lab6/lab6/src/lab6_toplevel.sv Line: 12
    Warning (13410): Pin "LED[7]" is stuck at GND File: D:/home/Documents/University/Lessons/ECE_385/LAB/Lab6/lab6/src/lab6_toplevel.sv Line: 12
    Warning (13410): Pin "LED[8]" is stuck at GND File: D:/home/Documents/University/Lessons/ECE_385/LAB/Lab6/lab6/src/lab6_toplevel.sv Line: 12
    Warning (13410): Pin "LED[9]" is stuck at GND File: D:/home/Documents/University/Lessons/ECE_385/LAB/Lab6/lab6/src/lab6_toplevel.sv Line: 12
    Warning (13410): Pin "LED[10]" is stuck at GND File: D:/home/Documents/University/Lessons/ECE_385/LAB/Lab6/lab6/src/lab6_toplevel.sv Line: 12
    Warning (13410): Pin "LED[11]" is stuck at GND File: D:/home/Documents/University/Lessons/ECE_385/LAB/Lab6/lab6/src/lab6_toplevel.sv Line: 12
    Warning (13410): Pin "CE" is stuck at GND File: D:/home/Documents/University/Lessons/ECE_385/LAB/Lab6/lab6/src/lab6_toplevel.sv Line: 14
    Warning (13410): Pin "UB" is stuck at GND File: D:/home/Documents/University/Lessons/ECE_385/LAB/Lab6/lab6/src/lab6_toplevel.sv Line: 14
    Warning (13410): Pin "LB" is stuck at GND File: D:/home/Documents/University/Lessons/ECE_385/LAB/Lab6/lab6/src/lab6_toplevel.sv Line: 14
    Warning (13410): Pin "WE" is stuck at VCC File: D:/home/Documents/University/Lessons/ECE_385/LAB/Lab6/lab6/src/lab6_toplevel.sv Line: 14
    Warning (13410): Pin "ADDR[16]" is stuck at GND File: D:/home/Documents/University/Lessons/ECE_385/LAB/Lab6/lab6/src/lab6_toplevel.sv Line: 15
    Warning (13410): Pin "ADDR[17]" is stuck at GND File: D:/home/Documents/University/Lessons/ECE_385/LAB/Lab6/lab6/src/lab6_toplevel.sv Line: 15
    Warning (13410): Pin "ADDR[18]" is stuck at GND File: D:/home/Documents/University/Lessons/ECE_385/LAB/Lab6/lab6/src/lab6_toplevel.sv Line: 15
    Warning (13410): Pin "ADDR[19]" is stuck at GND File: D:/home/Documents/University/Lessons/ECE_385/LAB/Lab6/lab6/src/lab6_toplevel.sv Line: 15
Info (286030): Timing-Driven Synthesis is running
Info (17049): 5 registers lost all their fanouts during netlist optimizations.
Info (144001): Generated suppressed messages file D:/home/Documents/University/Lessons/ECE_385/LAB/Lab6/lab6/output_files/Lab6.map.smsg
Info (16010): Generating hard_block partition "hard_block:auto_generated_inst"
    Info (16011): Adding 0 node(s), including 0 DDIO, 0 PLL, 0 transceiver and 0 LCELL
Info (21057): Implemented 329 device resources after synthesis - the final resource count might be different
    Info (21058): Implemented 20 input pins
    Info (21059): Implemented 93 output pins
    Info (21060): Implemented 16 bidirectional pins
    Info (21061): Implemented 200 logic cells
Info: Quartus Prime Analysis & Synthesis was successful. 0 errors, 47 warnings
    Info: Peak virtual memory: 4768 megabytes
    Info: Processing ended: Thu Oct 28 17:11:38 2021
    Info: Elapsed time: 00:00:13
    Info: Total CPU time (on all processors): 00:00:23


+------------------------------------------+
; Analysis & Synthesis Suppressed Messages ;
+------------------------------------------+
The suppressed messages can be found in D:/home/Documents/University/Lessons/ECE_385/LAB/Lab6/lab6/output_files/Lab6.map.smsg.


