Analysis & Synthesis report for Lab6
Thu Nov 04 21:50:19 2021
Quartus Prime Version 18.1.0 Build 625 09/12/2018 SJ Lite Edition


---------------------
; Table of Contents ;
---------------------
  1. Legal Notice
  2. Analysis & Synthesis Summary
  3. Analysis & Synthesis Settings
  4. Parallel Compilation
  5. Analysis & Synthesis Source Files Read
  6. Analysis & Synthesis Resource Usage Summary
  7. Analysis & Synthesis Resource Utilization by Entity
  8. State Machine - |lab6_toplevel|slc3:my_slc|ISDU:state_controller|State
  9. Registers Removed During Synthesis
 10. General Register Statistics
 11. Multiplexer Restructuring Statistics (Restructuring Performed)
 12. Parameter Settings for User Entity Instance: slc3:my_slc|datapath:d0|mux_21_dynamic:mdrmux
 13. Parameter Settings for User Entity Instance: slc3:my_slc|datapath:d0|mux_21_dynamic:addr1mux
 14. Parameter Settings for User Entity Instance: slc3:my_slc|datapath:d0|mux_21_dynamic:sr2mux
 15. Parameter Settings for User Entity Instance: slc3:my_slc|datapath:d0|mux_21_dynamic:sr1mux
 16. Parameter Settings for User Entity Instance: slc3:my_slc|datapath:d0|mux_41_dynamic:pcmux
 17. Parameter Settings for User Entity Instance: slc3:my_slc|datapath:d0|mux_41_dynamic:addr2mux
 18. Parameter Settings for User Entity Instance: slc3:my_slc|datapath:d0|mux_21_dynamic:drmux
 19. Parameter Settings for User Entity Instance: slc3:my_slc|datapath:d0|tristate_mux41:tristategate
 20. Parameter Settings for User Entity Instance: slc3:my_slc|tristate:tr0
 21. Parameter Settings for User Entity Instance: test_memory:my_test_memory
 22. Parameter Settings for User Entity Instance: test_memory:my_test_memory|memory_parser:parser
 23. Port Connectivity Checks: "slc3:my_slc|Mem2IO:memory_subsystem"
 24. Port Connectivity Checks: "slc3:my_slc|datapath:d0|REGFILE:reg_file"
 25. Port Connectivity Checks: "slc3:my_slc|datapath:d0|mux_21_dynamic:drmux"
 26. Port Connectivity Checks: "slc3:my_slc|datapath:d0|mux_41_dynamic:addr2mux"
 27. Port Connectivity Checks: "slc3:my_slc|datapath:d0|mux_41_dynamic:pcmux"
 28. Port Connectivity Checks: "slc3:my_slc|datapath:d0|mux_21_dynamic:sr1mux"
 29. Port Connectivity Checks: "slc3:my_slc|datapath:d0"
 30. Post-Synthesis Netlist Statistics for Top Partition
 31. Elapsed Time Per Partition
 32. Analysis & Synthesis Messages
 33. Analysis & Synthesis Suppressed Messages



----------------
; Legal Notice ;
----------------
Copyright (C) 2018  Intel Corporation. All rights reserved.
Your use of Intel Corporation's design tools, logic functions 
and other software and tools, and its AMPP partner logic 
functions, and any output files from any of the foregoing 
(including device programming or simulation files), and any 
associated documentation or information are expressly subject 
to the terms and conditions of the Intel Program License 
Subscription Agreement, the Intel Quartus Prime License Agreement,
the Intel FPGA IP License Agreement, or other applicable license
agreement, including, without limitation, that your use is for
the sole purpose of programming logic devices manufactured by
Intel and sold by Intel or its authorized distributors.  Please
refer to the applicable agreement for further details.



+----------------------------------------------------------------------------------+
; Analysis & Synthesis Summary                                                     ;
+------------------------------------+---------------------------------------------+
; Analysis & Synthesis Status        ; Successful - Thu Nov 04 21:50:19 2021       ;
; Quartus Prime Version              ; 18.1.0 Build 625 09/12/2018 SJ Lite Edition ;
; Revision Name                      ; Lab6                                        ;
; Top-level Entity Name              ; lab6_toplevel                               ;
; Family                             ; Cyclone IV E                                ;
; Total logic elements               ; 735                                         ;
;     Total combinational functions  ; 558                                         ;
;     Dedicated logic registers      ; 283                                         ;
; Total registers                    ; 283                                         ;
; Total pins                         ; 129                                         ;
; Total virtual pins                 ; 0                                           ;
; Total memory bits                  ; 0                                           ;
; Embedded Multiplier 9-bit elements ; 0                                           ;
; Total PLLs                         ; 0                                           ;
+------------------------------------+---------------------------------------------+


+------------------------------------------------------------------------------------------------------------+
; Analysis & Synthesis Settings                                                                              ;
+------------------------------------------------------------------+--------------------+--------------------+
; Option                                                           ; Setting            ; Default Value      ;
+------------------------------------------------------------------+--------------------+--------------------+
; Device                                                           ; EP4CE115F23C7      ;                    ;
; Top-level entity name                                            ; lab6_toplevel      ; Lab6               ;
; Family name                                                      ; Cyclone IV E       ; Cyclone V          ;
; Verilog Show LMF Mapping Messages                                ; Off                ;                    ;
; Verilog Version                                                  ; SystemVerilog_2005 ; Verilog_2001       ;
; Use smart compilation                                            ; Off                ; Off                ;
; Enable parallel Assembler and Timing Analyzer during compilation ; On                 ; On                 ;
; Enable compact report table                                      ; Off                ; Off                ;
; Restructure Multiplexers                                         ; Auto               ; Auto               ;
; Create Debugging Nodes for IP Cores                              ; Off                ; Off                ;
; Preserve fewer node names                                        ; On                 ; On                 ;
; Intel FPGA IP Evaluation Mode                                    ; Enable             ; Enable             ;
; VHDL Version                                                     ; VHDL_1993          ; VHDL_1993          ;
; State Machine Processing                                         ; Auto               ; Auto               ;
; Safe State Machine                                               ; Off                ; Off                ;
; Extract Verilog State Machines                                   ; On                 ; On                 ;
; Extract VHDL State Machines                                      ; On                 ; On                 ;
; Ignore Verilog initial constructs                                ; Off                ; Off                ;
; Iteration limit for constant Verilog loops                       ; 5000               ; 5000               ;
; Iteration limit for non-constant Verilog loops                   ; 250                ; 250                ;
; Add Pass-Through Logic to Inferred RAMs                          ; On                 ; On                 ;
; Infer RAMs from Raw Logic                                        ; On                 ; On                 ;
; Parallel Synthesis                                               ; On                 ; On                 ;
; DSP Block Balancing                                              ; Auto               ; Auto               ;
; NOT Gate Push-Back                                               ; On                 ; On                 ;
; Power-Up Don't Care                                              ; On                 ; On                 ;
; Remove Redundant Logic Cells                                     ; Off                ; Off                ;
; Remove Duplicate Registers                                       ; On                 ; On                 ;
; Ignore CARRY Buffers                                             ; Off                ; Off                ;
; Ignore CASCADE Buffers                                           ; Off                ; Off                ;
; Ignore GLOBAL Buffers                                            ; Off                ; Off                ;
; Ignore ROW GLOBAL Buffers                                        ; Off                ; Off                ;
; Ignore LCELL Buffers                                             ; Off                ; Off                ;
; Ignore SOFT Buffers                                              ; On                 ; On                 ;
; Limit AHDL Integers to 32 Bits                                   ; Off                ; Off                ;
; Optimization Technique                                           ; Balanced           ; Balanced           ;
; Carry Chain Length                                               ; 70                 ; 70                 ;
; Auto Carry Chains                                                ; On                 ; On                 ;
; Auto Open-Drain Pins                                             ; On                 ; On                 ;
; Perform WYSIWYG Primitive Resynthesis                            ; Off                ; Off                ;
; Auto ROM Replacement                                             ; On                 ; On                 ;
; Auto RAM Replacement                                             ; On                 ; On                 ;
; Auto DSP Block Replacement                                       ; On                 ; On                 ;
; Auto Shift Register Replacement                                  ; Auto               ; Auto               ;
; Allow Shift Register Merging across Hierarchies                  ; Auto               ; Auto               ;
; Auto Clock Enable Replacement                                    ; On                 ; On                 ;
; Strict RAM Replacement                                           ; Off                ; Off                ;
; Allow Synchronous Control Signals                                ; On                 ; On                 ;
; Force Use of Synchronous Clear Signals                           ; Off                ; Off                ;
; Auto RAM Block Balancing                                         ; On                 ; On                 ;
; Auto RAM to Logic Cell Conversion                                ; Off                ; Off                ;
; Auto Resource Sharing                                            ; Off                ; Off                ;
; Allow Any RAM Size For Recognition                               ; Off                ; Off                ;
; Allow Any ROM Size For Recognition                               ; Off                ; Off                ;
; Allow Any Shift Register Size For Recognition                    ; Off                ; Off                ;
; Use LogicLock Constraints during Resource Balancing              ; On                 ; On                 ;
; Ignore translate_off and synthesis_off directives                ; Off                ; Off                ;
; Timing-Driven Synthesis                                          ; On                 ; On                 ;
; Report Parameter Settings                                        ; On                 ; On                 ;
; Report Source Assignments                                        ; On                 ; On                 ;
; Report Connectivity Checks                                       ; On                 ; On                 ;
; Ignore Maximum Fan-Out Assignments                               ; Off                ; Off                ;
; Synchronization Register Chain Length                            ; 2                  ; 2                  ;
; Power Optimization During Synthesis                              ; Normal compilation ; Normal compilation ;
; HDL message level                                                ; Level2             ; Level2             ;
; Suppress Register Optimization Related Messages                  ; Off                ; Off                ;
; Number of Removed Registers Reported in Synthesis Report         ; 5000               ; 5000               ;
; Number of Swept Nodes Reported in Synthesis Report               ; 5000               ; 5000               ;
; Number of Inverted Registers Reported in Synthesis Report        ; 100                ; 100                ;
; Clock MUX Protection                                             ; On                 ; On                 ;
; Auto Gated Clock Conversion                                      ; Off                ; Off                ;
; Block Design Naming                                              ; Auto               ; Auto               ;
; SDC constraint protection                                        ; Off                ; Off                ;
; Synthesis Effort                                                 ; Auto               ; Auto               ;
; Shift Register Replacement - Allow Asynchronous Clear Signal     ; On                 ; On                 ;
; Pre-Mapping Resynthesis Optimization                             ; Off                ; Off                ;
; Analysis & Synthesis Message Level                               ; Medium             ; Medium             ;
; Disable Register Merging Across Hierarchies                      ; Auto               ; Auto               ;
; Resource Aware Inference For Block RAM                           ; On                 ; On                 ;
+------------------------------------------------------------------+--------------------+--------------------+


+------------------------------------------+
; Parallel Compilation                     ;
+----------------------------+-------------+
; Processors                 ; Number      ;
+----------------------------+-------------+
; Number detected on machine ; 8           ;
; Maximum allowed            ; 4           ;
;                            ;             ;
; Average used               ; 1.00        ;
; Maximum used               ; 4           ;
;                            ;             ;
; Usage by Processor         ; % Time Used ;
;     Processor 1            ; 100.0%      ;
;     Processor 2            ;   0.0%      ;
;     Processor 3            ;   0.0%      ;
;     Processor 4            ;   0.0%      ;
+----------------------------+-------------+


+-----------------------------------------------------------------------------------------------------------------------------------------------------------------------------------+
; Analysis & Synthesis Source Files Read                                                                                                                                            ;
+----------------------------------+-----------------+------------------------------+-------------------------------------------------------------------------------------+---------+
; File Name with User-Entered Path ; Used in Netlist ; File Type                    ; File Name with Absolute Path                                                        ; Library ;
+----------------------------------+-----------------+------------------------------+-------------------------------------------------------------------------------------+---------+
; tristate_mux41.sv                ; yes             ; User SystemVerilog HDL File  ; D:/home/Documents/University/Lessons/ECE_385/LAB/Lab6/lab6_model/tristate_mux41.sv  ;         ;
; tristate.sv                      ; yes             ; User SystemVerilog HDL File  ; D:/home/Documents/University/Lessons/ECE_385/LAB/Lab6/lab6_model/tristate.sv        ;         ;
; test_memory.sv                   ; yes             ; User SystemVerilog HDL File  ; D:/home/Documents/University/Lessons/ECE_385/LAB/Lab6/lab6_model/test_memory.sv     ;         ;
; Synchronizers.sv                 ; yes             ; User SystemVerilog HDL File  ; D:/home/Documents/University/Lessons/ECE_385/LAB/Lab6/lab6_model/Synchronizers.sv   ;         ;
; SLC3_2.sv                        ; yes             ; User SystemVerilog HDL File  ; D:/home/Documents/University/Lessons/ECE_385/LAB/Lab6/lab6_model/SLC3_2.sv          ;         ;
; slc3.sv                          ; yes             ; User SystemVerilog HDL File  ; D:/home/Documents/University/Lessons/ECE_385/LAB/Lab6/lab6_model/slc3.sv            ;         ;
; REGFILE.sv                       ; yes             ; User SystemVerilog HDL File  ; D:/home/Documents/University/Lessons/ECE_385/LAB/Lab6/lab6_model/REGFILE.sv         ;         ;
; reg_16bit.sv                     ; yes             ; User SystemVerilog HDL File  ; D:/home/Documents/University/Lessons/ECE_385/LAB/Lab6/lab6_model/reg_16bit.sv       ;         ;
; mux_41_dynamic.sv                ; yes             ; User SystemVerilog HDL File  ; D:/home/Documents/University/Lessons/ECE_385/LAB/Lab6/lab6_model/mux_41_dynamic.sv  ;         ;
; mux_21_dynamic.sv                ; yes             ; User SystemVerilog HDL File  ; D:/home/Documents/University/Lessons/ECE_385/LAB/Lab6/lab6_model/mux_21_dynamic.sv  ;         ;
; memory_contents.sv               ; yes             ; User SystemVerilog HDL File  ; D:/home/Documents/University/Lessons/ECE_385/LAB/Lab6/lab6_model/memory_contents.sv ;         ;
; Mem2IO.sv                        ; yes             ; User SystemVerilog HDL File  ; D:/home/Documents/University/Lessons/ECE_385/LAB/Lab6/lab6_model/Mem2IO.sv          ;         ;
; lab6_toplevel.sv                 ; yes             ; User SystemVerilog HDL File  ; D:/home/Documents/University/Lessons/ECE_385/LAB/Lab6/lab6_model/lab6_toplevel.sv   ;         ;
; ISDU.sv                          ; yes             ; User SystemVerilog HDL File  ; D:/home/Documents/University/Lessons/ECE_385/LAB/Lab6/lab6_model/ISDU.sv            ;         ;
; HexDriver.sv                     ; yes             ; User SystemVerilog HDL File  ; D:/home/Documents/University/Lessons/ECE_385/LAB/Lab6/lab6_model/HexDriver.sv       ;         ;
; datapath.sv                      ; yes             ; User SystemVerilog HDL File  ; D:/home/Documents/University/Lessons/ECE_385/LAB/Lab6/lab6_model/datapath.sv        ;         ;
; BEN.sv                           ; yes             ; User SystemVerilog HDL File  ; D:/home/Documents/University/Lessons/ECE_385/LAB/Lab6/lab6_model/BEN.sv             ;         ;
; ALU.sv                           ; yes             ; User SystemVerilog HDL File  ; D:/home/Documents/University/Lessons/ECE_385/LAB/Lab6/lab6_model/ALU.sv             ;         ;
+----------------------------------+-----------------+------------------------------+-------------------------------------------------------------------------------------+---------+


+---------------------------------------------------------+
; Analysis & Synthesis Resource Usage Summary             ;
+---------------------------------------------+-----------+
; Resource                                    ; Usage     ;
+---------------------------------------------+-----------+
; Estimated Total logic elements              ; 735       ;
;                                             ;           ;
; Total combinational functions               ; 558       ;
; Logic element usage by number of LUT inputs ;           ;
;     -- 4 input functions                    ; 390       ;
;     -- 3 input functions                    ; 100       ;
;     -- <=2 input functions                  ; 68        ;
;                                             ;           ;
; Logic elements by mode                      ;           ;
;     -- normal mode                          ; 528       ;
;     -- arithmetic mode                      ; 30        ;
;                                             ;           ;
; Total registers                             ; 283       ;
;     -- Dedicated logic registers            ; 283       ;
;     -- I/O registers                        ; 0         ;
;                                             ;           ;
; I/O pins                                    ; 129       ;
;                                             ;           ;
; Embedded Multiplier 9-bit elements          ; 0         ;
;                                             ;           ;
; Maximum fan-out node                        ; Clk~input ;
; Maximum fan-out                             ; 283       ;
; Total fan-out                               ; 3100      ;
; Average fan-out                             ; 2.78      ;
+---------------------------------------------+-----------+


+------------------------------------------------------------------------------------------------------------------------------------------------------------------------------------------------------------------------------------------------------------------------+
; Analysis & Synthesis Resource Utilization by Entity                                                                                                                                                                                                                    ;
+----------------------------------------+---------------------+---------------------------+-------------+--------------+---------+-----------+------+--------------+--------------------------------------------------------------------+----------------+--------------+
; Compilation Hierarchy Node             ; Combinational ALUTs ; Dedicated Logic Registers ; Memory Bits ; DSP Elements ; DSP 9x9 ; DSP 18x18 ; Pins ; Virtual Pins ; Full Hierarchy Name                                                ; Entity Name    ; Library Name ;
+----------------------------------------+---------------------+---------------------------+-------------+--------------+---------+-----------+------+--------------+--------------------------------------------------------------------+----------------+--------------+
; |lab6_toplevel                         ; 558 (0)             ; 283 (0)                   ; 0           ; 0            ; 0       ; 0         ; 129  ; 0            ; |lab6_toplevel                                                     ; lab6_toplevel  ; work         ;
;    |slc3:my_slc|                       ; 558 (0)             ; 283 (0)                   ; 0           ; 0            ; 0       ; 0         ; 0    ; 0            ; |lab6_toplevel|slc3:my_slc                                         ; slc3           ; work         ;
;       |HexDriver:hex_driver0|          ; 7 (7)               ; 0 (0)                     ; 0           ; 0            ; 0       ; 0         ; 0    ; 0            ; |lab6_toplevel|slc3:my_slc|HexDriver:hex_driver0                   ; HexDriver      ; work         ;
;       |HexDriver:hex_driver1|          ; 7 (7)               ; 0 (0)                     ; 0           ; 0            ; 0       ; 0         ; 0    ; 0            ; |lab6_toplevel|slc3:my_slc|HexDriver:hex_driver1                   ; HexDriver      ; work         ;
;       |HexDriver:hex_driver2|          ; 7 (7)               ; 0 (0)                     ; 0           ; 0            ; 0       ; 0         ; 0    ; 0            ; |lab6_toplevel|slc3:my_slc|HexDriver:hex_driver2                   ; HexDriver      ; work         ;
;       |HexDriver:hex_driver3|          ; 7 (7)               ; 0 (0)                     ; 0           ; 0            ; 0       ; 0         ; 0    ; 0            ; |lab6_toplevel|slc3:my_slc|HexDriver:hex_driver3                   ; HexDriver      ; work         ;
;       |HexDriver:hex_driver4|          ; 7 (7)               ; 0 (0)                     ; 0           ; 0            ; 0       ; 0         ; 0    ; 0            ; |lab6_toplevel|slc3:my_slc|HexDriver:hex_driver4                   ; HexDriver      ; work         ;
;       |HexDriver:hex_driver5|          ; 7 (7)               ; 0 (0)                     ; 0           ; 0            ; 0       ; 0         ; 0    ; 0            ; |lab6_toplevel|slc3:my_slc|HexDriver:hex_driver5                   ; HexDriver      ; work         ;
;       |HexDriver:hex_driver6|          ; 7 (7)               ; 0 (0)                     ; 0           ; 0            ; 0       ; 0         ; 0    ; 0            ; |lab6_toplevel|slc3:my_slc|HexDriver:hex_driver6                   ; HexDriver      ; work         ;
;       |HexDriver:hex_driver7|          ; 7 (7)               ; 0 (0)                     ; 0           ; 0            ; 0       ; 0         ; 0    ; 0            ; |lab6_toplevel|slc3:my_slc|HexDriver:hex_driver7                   ; HexDriver      ; work         ;
;       |ISDU:state_controller|          ; 44 (44)             ; 24 (24)                   ; 0           ; 0            ; 0       ; 0         ; 0    ; 0            ; |lab6_toplevel|slc3:my_slc|ISDU:state_controller                   ; ISDU           ; work         ;
;       |Mem2IO:memory_subsystem|        ; 22 (22)             ; 16 (16)                   ; 0           ; 0            ; 0       ; 0         ; 0    ; 0            ; |lab6_toplevel|slc3:my_slc|Mem2IO:memory_subsystem                 ; Mem2IO         ; work         ;
;       |datapath:d0|                    ; 433 (101)           ; 208 (12)                  ; 0           ; 0            ; 0       ; 0         ; 0    ; 0            ; |lab6_toplevel|slc3:my_slc|datapath:d0                             ; datapath       ; work         ;
;          |BEN:myBEN|                   ; 11 (11)             ; 4 (4)                     ; 0           ; 0            ; 0       ; 0         ; 0    ; 0            ; |lab6_toplevel|slc3:my_slc|datapath:d0|BEN:myBEN                   ; BEN            ; work         ;
;          |REGFILE:reg_file|            ; 94 (94)             ; 128 (128)                 ; 0           ; 0            ; 0       ; 0         ; 0    ; 0            ; |lab6_toplevel|slc3:my_slc|datapath:d0|REGFILE:reg_file            ; REGFILE        ; work         ;
;          |mux_21_dynamic:sr1mux|       ; 3 (3)               ; 0 (0)                     ; 0           ; 0            ; 0       ; 0         ; 0    ; 0            ; |lab6_toplevel|slc3:my_slc|datapath:d0|mux_21_dynamic:sr1mux       ; mux_21_dynamic ; work         ;
;          |mux_21_dynamic:sr2mux|       ; 94 (94)             ; 0 (0)                     ; 0           ; 0            ; 0       ; 0         ; 0    ; 0            ; |lab6_toplevel|slc3:my_slc|datapath:d0|mux_21_dynamic:sr2mux       ; mux_21_dynamic ; work         ;
;          |mux_41_dynamic:addr2mux|     ; 4 (4)               ; 0 (0)                     ; 0           ; 0            ; 0       ; 0         ; 0    ; 0            ; |lab6_toplevel|slc3:my_slc|datapath:d0|mux_41_dynamic:addr2mux     ; mux_41_dynamic ; work         ;
;          |reg_16bit:IR|                ; 1 (1)               ; 16 (16)                   ; 0           ; 0            ; 0       ; 0         ; 0    ; 0            ; |lab6_toplevel|slc3:my_slc|datapath:d0|reg_16bit:IR                ; reg_16bit      ; work         ;
;          |reg_16bit:MAR|               ; 18 (18)             ; 16 (16)                   ; 0           ; 0            ; 0       ; 0         ; 0    ; 0            ; |lab6_toplevel|slc3:my_slc|datapath:d0|reg_16bit:MAR               ; reg_16bit      ; work         ;
;          |reg_16bit:MDR|               ; 45 (45)             ; 16 (16)                   ; 0           ; 0            ; 0       ; 0         ; 0    ; 0            ; |lab6_toplevel|slc3:my_slc|datapath:d0|reg_16bit:MDR               ; reg_16bit      ; work         ;
;          |reg_16bit:PC|                ; 18 (18)             ; 16 (16)                   ; 0           ; 0            ; 0       ; 0         ; 0    ; 0            ; |lab6_toplevel|slc3:my_slc|datapath:d0|reg_16bit:PC                ; reg_16bit      ; work         ;
;          |tristate_mux41:tristategate| ; 44 (44)             ; 0 (0)                     ; 0           ; 0            ; 0       ; 0         ; 0    ; 0            ; |lab6_toplevel|slc3:my_slc|datapath:d0|tristate_mux41:tristategate ; tristate_mux41 ; work         ;
;       |sync:con0|                      ; 1 (1)               ; 1 (1)                     ; 0           ; 0            ; 0       ; 0         ; 0    ; 0            ; |lab6_toplevel|slc3:my_slc|sync:con0                               ; sync           ; work         ;
;       |sync:re0|                       ; 1 (1)               ; 1 (1)                     ; 0           ; 0            ; 0       ; 0         ; 0    ; 0            ; |lab6_toplevel|slc3:my_slc|sync:re0                                ; sync           ; work         ;
;       |sync:rn0|                       ; 1 (1)               ; 1 (1)                     ; 0           ; 0            ; 0       ; 0         ; 0    ; 0            ; |lab6_toplevel|slc3:my_slc|sync:rn0                                ; sync           ; work         ;
;       |tristate:tr0|                   ; 0 (0)               ; 32 (32)                   ; 0           ; 0            ; 0       ; 0         ; 0    ; 0            ; |lab6_toplevel|slc3:my_slc|tristate:tr0                            ; tristate       ; work         ;
+----------------------------------------+---------------------+---------------------------+-------------+--------------+---------+-----------+------+--------------+--------------------------------------------------------------------+----------------+--------------+
Note: For table entries with two numbers listed, the numbers in parentheses indicate the number of resources of the given type used by the specific entity alone. The numbers listed outside of parentheses indicate the total resources of the given type used by the specific entity and all of its sub-entities in the hierarchy.


Encoding Type:  One-Hot
+--------------------------------------------------------------------------------------------------------------------------------------------------------------------------------------------------------------------------------------------------------------------------------------------------------------------------------------------------------------+
; State Machine - |lab6_toplevel|slc3:my_slc|ISDU:state_controller|State                                                                                                                                                                                                                                                                                       ;
+----------------+------------+------------+------------+------------+------------+--------------+--------------+------------+------------+------------+--------------+--------------+------------+------------+------------+------------+------------+------------+--------------+--------------+------------+----------------+----------------+--------------+
; Name           ; State.S_22 ; State.S_00 ; State.S_12 ; State.S_21 ; State.S_04 ; State.S_16_2 ; State.S_16_1 ; State.S_23 ; State.S_07 ; State.S_27 ; State.S_25_2 ; State.S_25_1 ; State.S_06 ; State.S_09 ; State.S_05 ; State.S_01 ; State.S_32 ; State.S_35 ; State.S_33_2 ; State.S_33_1 ; State.S_18 ; State.PauseIR2 ; State.PauseIR1 ; State.Halted ;
+----------------+------------+------------+------------+------------+------------+--------------+--------------+------------+------------+------------+--------------+--------------+------------+------------+------------+------------+------------+------------+--------------+--------------+------------+----------------+----------------+--------------+
; State.Halted   ; 0          ; 0          ; 0          ; 0          ; 0          ; 0            ; 0            ; 0          ; 0          ; 0          ; 0            ; 0            ; 0          ; 0          ; 0          ; 0          ; 0          ; 0          ; 0            ; 0            ; 0          ; 0              ; 0              ; 0            ;
; State.PauseIR1 ; 0          ; 0          ; 0          ; 0          ; 0          ; 0            ; 0            ; 0          ; 0          ; 0          ; 0            ; 0            ; 0          ; 0          ; 0          ; 0          ; 0          ; 0          ; 0            ; 0            ; 0          ; 0              ; 1              ; 1            ;
; State.PauseIR2 ; 0          ; 0          ; 0          ; 0          ; 0          ; 0            ; 0            ; 0          ; 0          ; 0          ; 0            ; 0            ; 0          ; 0          ; 0          ; 0          ; 0          ; 0          ; 0            ; 0            ; 0          ; 1              ; 0              ; 1            ;
; State.S_18     ; 0          ; 0          ; 0          ; 0          ; 0          ; 0            ; 0            ; 0          ; 0          ; 0          ; 0            ; 0            ; 0          ; 0          ; 0          ; 0          ; 0          ; 0          ; 0            ; 0            ; 1          ; 0              ; 0              ; 1            ;
; State.S_33_1   ; 0          ; 0          ; 0          ; 0          ; 0          ; 0            ; 0            ; 0          ; 0          ; 0          ; 0            ; 0            ; 0          ; 0          ; 0          ; 0          ; 0          ; 0          ; 0            ; 1            ; 0          ; 0              ; 0              ; 1            ;
; State.S_33_2   ; 0          ; 0          ; 0          ; 0          ; 0          ; 0            ; 0            ; 0          ; 0          ; 0          ; 0            ; 0            ; 0          ; 0          ; 0          ; 0          ; 0          ; 0          ; 1            ; 0            ; 0          ; 0              ; 0              ; 1            ;
; State.S_35     ; 0          ; 0          ; 0          ; 0          ; 0          ; 0            ; 0            ; 0          ; 0          ; 0          ; 0            ; 0            ; 0          ; 0          ; 0          ; 0          ; 0          ; 1          ; 0            ; 0            ; 0          ; 0              ; 0              ; 1            ;
; State.S_32     ; 0          ; 0          ; 0          ; 0          ; 0          ; 0            ; 0            ; 0          ; 0          ; 0          ; 0            ; 0            ; 0          ; 0          ; 0          ; 0          ; 1          ; 0          ; 0            ; 0            ; 0          ; 0              ; 0              ; 1            ;
; State.S_01     ; 0          ; 0          ; 0          ; 0          ; 0          ; 0            ; 0            ; 0          ; 0          ; 0          ; 0            ; 0            ; 0          ; 0          ; 0          ; 1          ; 0          ; 0          ; 0            ; 0            ; 0          ; 0              ; 0              ; 1            ;
; State.S_05     ; 0          ; 0          ; 0          ; 0          ; 0          ; 0            ; 0            ; 0          ; 0          ; 0          ; 0            ; 0            ; 0          ; 0          ; 1          ; 0          ; 0          ; 0          ; 0            ; 0            ; 0          ; 0              ; 0              ; 1            ;
; State.S_09     ; 0          ; 0          ; 0          ; 0          ; 0          ; 0            ; 0            ; 0          ; 0          ; 0          ; 0            ; 0            ; 0          ; 1          ; 0          ; 0          ; 0          ; 0          ; 0            ; 0            ; 0          ; 0              ; 0              ; 1            ;
; State.S_06     ; 0          ; 0          ; 0          ; 0          ; 0          ; 0            ; 0            ; 0          ; 0          ; 0          ; 0            ; 0            ; 1          ; 0          ; 0          ; 0          ; 0          ; 0          ; 0            ; 0            ; 0          ; 0              ; 0              ; 1            ;
; State.S_25_1   ; 0          ; 0          ; 0          ; 0          ; 0          ; 0            ; 0            ; 0          ; 0          ; 0          ; 0            ; 1            ; 0          ; 0          ; 0          ; 0          ; 0          ; 0          ; 0            ; 0            ; 0          ; 0              ; 0              ; 1            ;
; State.S_25_2   ; 0          ; 0          ; 0          ; 0          ; 0          ; 0            ; 0            ; 0          ; 0          ; 0          ; 1            ; 0            ; 0          ; 0          ; 0          ; 0          ; 0          ; 0          ; 0            ; 0            ; 0          ; 0              ; 0              ; 1            ;
; State.S_27     ; 0          ; 0          ; 0          ; 0          ; 0          ; 0            ; 0            ; 0          ; 0          ; 1          ; 0            ; 0            ; 0          ; 0          ; 0          ; 0          ; 0          ; 0          ; 0            ; 0            ; 0          ; 0              ; 0              ; 1            ;
; State.S_07     ; 0          ; 0          ; 0          ; 0          ; 0          ; 0            ; 0            ; 0          ; 1          ; 0          ; 0            ; 0            ; 0          ; 0          ; 0          ; 0          ; 0          ; 0          ; 0            ; 0            ; 0          ; 0              ; 0              ; 1            ;
; State.S_23     ; 0          ; 0          ; 0          ; 0          ; 0          ; 0            ; 0            ; 1          ; 0          ; 0          ; 0            ; 0            ; 0          ; 0          ; 0          ; 0          ; 0          ; 0          ; 0            ; 0            ; 0          ; 0              ; 0              ; 1            ;
; State.S_16_1   ; 0          ; 0          ; 0          ; 0          ; 0          ; 0            ; 1            ; 0          ; 0          ; 0          ; 0            ; 0            ; 0          ; 0          ; 0          ; 0          ; 0          ; 0          ; 0            ; 0            ; 0          ; 0              ; 0              ; 1            ;
; State.S_16_2   ; 0          ; 0          ; 0          ; 0          ; 0          ; 1            ; 0            ; 0          ; 0          ; 0          ; 0            ; 0            ; 0          ; 0          ; 0          ; 0          ; 0          ; 0          ; 0            ; 0            ; 0          ; 0              ; 0              ; 1            ;
; State.S_04     ; 0          ; 0          ; 0          ; 0          ; 1          ; 0            ; 0            ; 0          ; 0          ; 0          ; 0            ; 0            ; 0          ; 0          ; 0          ; 0          ; 0          ; 0          ; 0            ; 0            ; 0          ; 0              ; 0              ; 1            ;
; State.S_21     ; 0          ; 0          ; 0          ; 1          ; 0          ; 0            ; 0            ; 0          ; 0          ; 0          ; 0            ; 0            ; 0          ; 0          ; 0          ; 0          ; 0          ; 0          ; 0            ; 0            ; 0          ; 0              ; 0              ; 1            ;
; State.S_12     ; 0          ; 0          ; 1          ; 0          ; 0          ; 0            ; 0            ; 0          ; 0          ; 0          ; 0            ; 0            ; 0          ; 0          ; 0          ; 0          ; 0          ; 0          ; 0            ; 0            ; 0          ; 0              ; 0              ; 1            ;
; State.S_00     ; 0          ; 1          ; 0          ; 0          ; 0          ; 0            ; 0            ; 0          ; 0          ; 0          ; 0            ; 0            ; 0          ; 0          ; 0          ; 0          ; 0          ; 0          ; 0            ; 0            ; 0          ; 0              ; 0              ; 1            ;
; State.S_22     ; 1          ; 0          ; 0          ; 0          ; 0          ; 0            ; 0            ; 0          ; 0          ; 0          ; 0            ; 0            ; 0          ; 0          ; 0          ; 0          ; 0          ; 0          ; 0            ; 0            ; 0          ; 0              ; 0              ; 1            ;
+----------------+------------+------------+------------+------------+------------+--------------+--------------+------------+------------+------------+--------------+--------------+------------+------------+------------+------------+------------+------------+--------------+--------------+------------+----------------+----------------+--------------+


+----------------------------------------------------------------+
; Registers Removed During Synthesis                             ;
+-------------------------------------------+--------------------+
; Register name                             ; Reason for Removal ;
+-------------------------------------------+--------------------+
; slc3:my_slc|ISDU:state_controller|State~2 ; Lost fanout        ;
; slc3:my_slc|ISDU:state_controller|State~3 ; Lost fanout        ;
; slc3:my_slc|ISDU:state_controller|State~4 ; Lost fanout        ;
; slc3:my_slc|ISDU:state_controller|State~5 ; Lost fanout        ;
; slc3:my_slc|ISDU:state_controller|State~6 ; Lost fanout        ;
; Total Number of Removed Registers = 5     ;                    ;
+-------------------------------------------+--------------------+


+------------------------------------------------------+
; General Register Statistics                          ;
+----------------------------------------------+-------+
; Statistic                                    ; Value ;
+----------------------------------------------+-------+
; Total registers                              ; 283   ;
; Number of registers using Synchronous Clear  ; 35    ;
; Number of registers using Synchronous Load   ; 16    ;
; Number of registers using Asynchronous Clear ; 0     ;
; Number of registers using Asynchronous Load  ; 0     ;
; Number of registers using Clock Enable       ; 211   ;
; Number of registers using Preset             ; 0     ;
+----------------------------------------------+-------+


+--------------------------------------------------------------------------------------------------------------------------------------------------------------------------------------------+
; Multiplexer Restructuring Statistics (Restructuring Performed)                                                                                                                             ;
+--------------------+-----------+---------------+----------------------+------------------------+------------+------------------------------------------------------------------------------+
; Multiplexer Inputs ; Bus Width ; Baseline Area ; Area if Restructured ; Saving if Restructured ; Registered ; Example Multiplexer Output                                                   ;
+--------------------+-----------+---------------+----------------------+------------------------+------------+------------------------------------------------------------------------------+
; 3:1                ; 16 bits   ; 32 LEs        ; 16 LEs               ; 16 LEs                 ; Yes        ; |lab6_toplevel|slc3:my_slc|datapath:d0|reg_16bit:IR|dout[12]                 ;
; 3:1                ; 16 bits   ; 32 LEs        ; 16 LEs               ; 16 LEs                 ; Yes        ; |lab6_toplevel|slc3:my_slc|Mem2IO:memory_subsystem|hex_data[5]               ;
; 3:1                ; 16 bits   ; 32 LEs        ; 16 LEs               ; 16 LEs                 ; Yes        ; |lab6_toplevel|slc3:my_slc|datapath:d0|reg_16bit:PC|dout[4]                  ;
; 3:1                ; 16 bits   ; 32 LEs        ; 16 LEs               ; 16 LEs                 ; Yes        ; |lab6_toplevel|slc3:my_slc|datapath:d0|reg_16bit:MAR|dout[8]                 ;
; 3:1                ; 16 bits   ; 32 LEs        ; 16 LEs               ; 16 LEs                 ; Yes        ; |lab6_toplevel|slc3:my_slc|datapath:d0|REGFILE:reg_file|outreg[0][12]        ;
; 3:1                ; 16 bits   ; 32 LEs        ; 16 LEs               ; 16 LEs                 ; Yes        ; |lab6_toplevel|slc3:my_slc|datapath:d0|REGFILE:reg_file|outreg[1][12]        ;
; 3:1                ; 16 bits   ; 32 LEs        ; 16 LEs               ; 16 LEs                 ; Yes        ; |lab6_toplevel|slc3:my_slc|datapath:d0|REGFILE:reg_file|outreg[2][8]         ;
; 3:1                ; 16 bits   ; 32 LEs        ; 16 LEs               ; 16 LEs                 ; Yes        ; |lab6_toplevel|slc3:my_slc|datapath:d0|REGFILE:reg_file|outreg[3][11]        ;
; 3:1                ; 16 bits   ; 32 LEs        ; 16 LEs               ; 16 LEs                 ; Yes        ; |lab6_toplevel|slc3:my_slc|datapath:d0|REGFILE:reg_file|outreg[4][7]         ;
; 3:1                ; 16 bits   ; 32 LEs        ; 16 LEs               ; 16 LEs                 ; Yes        ; |lab6_toplevel|slc3:my_slc|datapath:d0|REGFILE:reg_file|outreg[5][9]         ;
; 3:1                ; 16 bits   ; 32 LEs        ; 16 LEs               ; 16 LEs                 ; Yes        ; |lab6_toplevel|slc3:my_slc|datapath:d0|REGFILE:reg_file|outreg[6][15]        ;
; 3:1                ; 16 bits   ; 32 LEs        ; 16 LEs               ; 16 LEs                 ; Yes        ; |lab6_toplevel|slc3:my_slc|datapath:d0|REGFILE:reg_file|outreg[7][6]         ;
; 6:1                ; 16 bits   ; 64 LEs        ; 32 LEs               ; 32 LEs                 ; Yes        ; |lab6_toplevel|slc3:my_slc|datapath:d0|reg_16bit:MDR|dout[15]                ;
; 3:1                ; 2 bits    ; 4 LEs         ; 4 LEs                ; 0 LEs                  ; No         ; |lab6_toplevel|slc3:my_slc|datapath:d0|mux_41_dynamic:addr2mux|Mux6          ;
; 8:1                ; 16 bits   ; 80 LEs        ; 80 LEs               ; 0 LEs                  ; No         ; |lab6_toplevel|slc3:my_slc|datapath:d0|REGFILE:reg_file|Mux13                ;
; 9:1                ; 16 bits   ; 96 LEs        ; 96 LEs               ; 0 LEs                  ; No         ; |lab6_toplevel|slc3:my_slc|datapath:d0|mux_21_dynamic:sr2mux|out[8]          ;
; 7:1                ; 16 bits   ; 64 LEs        ; 64 LEs               ; 0 LEs                  ; No         ; |lab6_toplevel|slc3:my_slc|datapath:d0|tristate_mux41:tristategate|Selector6 ;
+--------------------+-----------+---------------+----------------------+------------------------+------------+------------------------------------------------------------------------------+


+--------------------------------------------------------------------------------------------+
; Parameter Settings for User Entity Instance: slc3:my_slc|datapath:d0|mux_21_dynamic:mdrmux ;
+----------------+-------+-------------------------------------------------------------------+
; Parameter Name ; Value ; Type                                                              ;
+----------------+-------+-------------------------------------------------------------------+
; width          ; 16    ; Signed Integer                                                    ;
+----------------+-------+-------------------------------------------------------------------+
Note: In order to hide this table in the UI and the text report file, please set the "Show Parameter Settings in Synthesis Report" option in "Analysis and Synthesis Settings -> More Settings" to "Off".


+----------------------------------------------------------------------------------------------+
; Parameter Settings for User Entity Instance: slc3:my_slc|datapath:d0|mux_21_dynamic:addr1mux ;
+----------------+-------+---------------------------------------------------------------------+
; Parameter Name ; Value ; Type                                                                ;
+----------------+-------+---------------------------------------------------------------------+
; width          ; 16    ; Signed Integer                                                      ;
+----------------+-------+---------------------------------------------------------------------+
Note: In order to hide this table in the UI and the text report file, please set the "Show Parameter Settings in Synthesis Report" option in "Analysis and Synthesis Settings -> More Settings" to "Off".


+--------------------------------------------------------------------------------------------+
; Parameter Settings for User Entity Instance: slc3:my_slc|datapath:d0|mux_21_dynamic:sr2mux ;
+----------------+-------+-------------------------------------------------------------------+
; Parameter Name ; Value ; Type                                                              ;
+----------------+-------+-------------------------------------------------------------------+
; width          ; 16    ; Signed Integer                                                    ;
+----------------+-------+-------------------------------------------------------------------+
Note: In order to hide this table in the UI and the text report file, please set the "Show Parameter Settings in Synthesis Report" option in "Analysis and Synthesis Settings -> More Settings" to "Off".


+--------------------------------------------------------------------------------------------+
; Parameter Settings for User Entity Instance: slc3:my_slc|datapath:d0|mux_21_dynamic:sr1mux ;
+----------------+-------+-------------------------------------------------------------------+
; Parameter Name ; Value ; Type                                                              ;
+----------------+-------+-------------------------------------------------------------------+
; width          ; 3     ; Signed Integer                                                    ;
+----------------+-------+-------------------------------------------------------------------+
Note: In order to hide this table in the UI and the text report file, please set the "Show Parameter Settings in Synthesis Report" option in "Analysis and Synthesis Settings -> More Settings" to "Off".


+-------------------------------------------------------------------------------------------+
; Parameter Settings for User Entity Instance: slc3:my_slc|datapath:d0|mux_41_dynamic:pcmux ;
+----------------+-------+------------------------------------------------------------------+
; Parameter Name ; Value ; Type                                                             ;
+----------------+-------+------------------------------------------------------------------+
; width          ; 16    ; Signed Integer                                                   ;
+----------------+-------+------------------------------------------------------------------+
Note: In order to hide this table in the UI and the text report file, please set the "Show Parameter Settings in Synthesis Report" option in "Analysis and Synthesis Settings -> More Settings" to "Off".


+----------------------------------------------------------------------------------------------+
; Parameter Settings for User Entity Instance: slc3:my_slc|datapath:d0|mux_41_dynamic:addr2mux ;
+----------------+-------+---------------------------------------------------------------------+
; Parameter Name ; Value ; Type                                                                ;
+----------------+-------+---------------------------------------------------------------------+
; width          ; 16    ; Signed Integer                                                      ;
+----------------+-------+---------------------------------------------------------------------+
Note: In order to hide this table in the UI and the text report file, please set the "Show Parameter Settings in Synthesis Report" option in "Analysis and Synthesis Settings -> More Settings" to "Off".


+-------------------------------------------------------------------------------------------+
; Parameter Settings for User Entity Instance: slc3:my_slc|datapath:d0|mux_21_dynamic:drmux ;
+----------------+-------+------------------------------------------------------------------+
; Parameter Name ; Value ; Type                                                             ;
+----------------+-------+------------------------------------------------------------------+
; width          ; 3     ; Signed Integer                                                   ;
+----------------+-------+------------------------------------------------------------------+
Note: In order to hide this table in the UI and the text report file, please set the "Show Parameter Settings in Synthesis Report" option in "Analysis and Synthesis Settings -> More Settings" to "Off".


+--------------------------------------------------------------------------------------------------+
; Parameter Settings for User Entity Instance: slc3:my_slc|datapath:d0|tristate_mux41:tristategate ;
+----------------+-------+-------------------------------------------------------------------------+
; Parameter Name ; Value ; Type                                                                    ;
+----------------+-------+-------------------------------------------------------------------------+
; width          ; 16    ; Signed Integer                                                          ;
+----------------+-------+-------------------------------------------------------------------------+
Note: In order to hide this table in the UI and the text report file, please set the "Show Parameter Settings in Synthesis Report" option in "Analysis and Synthesis Settings -> More Settings" to "Off".


+-----------------------------------------------------------------------+
; Parameter Settings for User Entity Instance: slc3:my_slc|tristate:tr0 ;
+----------------+-------+----------------------------------------------+
; Parameter Name ; Value ; Type                                         ;
+----------------+-------+----------------------------------------------+
; N              ; 16    ; Signed Integer                               ;
+----------------+-------+----------------------------------------------+
Note: In order to hide this table in the UI and the text report file, please set the "Show Parameter Settings in Synthesis Report" option in "Analysis and Synthesis Settings -> More Settings" to "Off".


+-------------------------------------------------------------------------+
; Parameter Settings for User Entity Instance: test_memory:my_test_memory ;
+----------------+-------+------------------------------------------------+
; Parameter Name ; Value ; Type                                           ;
+----------------+-------+------------------------------------------------+
; size           ; 256   ; Signed Integer                                 ;
; init_external  ; 0     ; Signed Integer                                 ;
+----------------+-------+------------------------------------------------+
Note: In order to hide this table in the UI and the text report file, please set the "Show Parameter Settings in Synthesis Report" option in "Analysis and Synthesis Settings -> More Settings" to "Off".


+----------------------------------------------------------------------------------------------+
; Parameter Settings for User Entity Instance: test_memory:my_test_memory|memory_parser:parser ;
+----------------+-------+---------------------------------------------------------------------+
; Parameter Name ; Value ; Type                                                                ;
+----------------+-------+---------------------------------------------------------------------+
; size           ; 256   ; Signed Integer                                                      ;
+----------------+-------+---------------------------------------------------------------------+
Note: In order to hide this table in the UI and the text report file, please set the "Show Parameter Settings in Synthesis Report" option in "Analysis and Synthesis Settings -> More Settings" to "Off".


+-----------------------------------------------------------------+
; Port Connectivity Checks: "slc3:my_slc|Mem2IO:memory_subsystem" ;
+--------------+-------+----------+-------------------------------+
; Port         ; Type  ; Severity ; Details                       ;
+--------------+-------+----------+-------------------------------+
; ADDR[19..16] ; Input ; Info     ; Stuck at GND                  ;
+--------------+-------+----------+-------------------------------+


+--------------------------------------------------------------------------------------------------------------------------------------------------------------------------------------------------------------+
; Port Connectivity Checks: "slc3:my_slc|datapath:d0|REGFILE:reg_file"                                                                                                                                         ;
+------+-------+----------+------------------------------------------------------------------------------------------------------------------------------------------------------------------------------------+
; Port ; Type  ; Severity ; Details                                                                                                                                                                            ;
+------+-------+----------+------------------------------------------------------------------------------------------------------------------------------------------------------------------------------------+
; DR   ; Input ; Warning  ; Input port expression (16 bits) is wider than the input port (3 bits) it drives.  The 13 most-significant bit(s) in the expression will be dangling if they have no other fanouts. ;
; SR1  ; Input ; Warning  ; Input port expression (16 bits) is wider than the input port (3 bits) it drives.  The 13 most-significant bit(s) in the expression will be dangling if they have no other fanouts. ;
+------+-------+----------+------------------------------------------------------------------------------------------------------------------------------------------------------------------------------------+


+----------------------------------------------------------------------------------------------------------------------------------------------------------------------------------------------------+
; Port Connectivity Checks: "slc3:my_slc|datapath:d0|mux_21_dynamic:drmux"                                                                                                                           ;
+------+--------+----------+-------------------------------------------------------------------------------------------------------------------------------------------------------------------------+
; Port ; Type   ; Severity ; Details                                                                                                                                                                 ;
+------+--------+----------+-------------------------------------------------------------------------------------------------------------------------------------------------------------------------+
; d1   ; Input  ; Info     ; Stuck at VCC                                                                                                                                                            ;
; out  ; Output ; Warning  ; Output or bidir port (3 bits) is smaller than the port expression (16 bits) it drives.  The 13 most-significant bit(s) in the port expression will be connected to GND. ;
+------+--------+----------+-------------------------------------------------------------------------------------------------------------------------------------------------------------------------+


+-----------------------------------------------------------------------------+
; Port Connectivity Checks: "slc3:my_slc|datapath:d0|mux_41_dynamic:addr2mux" ;
+------+-------+----------+---------------------------------------------------+
; Port ; Type  ; Severity ; Details                                           ;
+------+-------+----------+---------------------------------------------------+
; d0   ; Input ; Info     ; Stuck at GND                                      ;
+------+-------+----------+---------------------------------------------------+


+--------------------------------------------------------------------------+
; Port Connectivity Checks: "slc3:my_slc|datapath:d0|mux_41_dynamic:pcmux" ;
+------+-------+----------+------------------------------------------------+
; Port ; Type  ; Severity ; Details                                        ;
+------+-------+----------+------------------------------------------------+
; d3   ; Input ; Info     ; Explicitly unconnected                         ;
+------+-------+----------+------------------------------------------------+


+----------------------------------------------------------------------------------------------------------------------------------------------------------------------------------------------------+
; Port Connectivity Checks: "slc3:my_slc|datapath:d0|mux_21_dynamic:sr1mux"                                                                                                                          ;
+------+--------+----------+-------------------------------------------------------------------------------------------------------------------------------------------------------------------------+
; Port ; Type   ; Severity ; Details                                                                                                                                                                 ;
+------+--------+----------+-------------------------------------------------------------------------------------------------------------------------------------------------------------------------+
; out  ; Output ; Warning  ; Output or bidir port (3 bits) is smaller than the port expression (16 bits) it drives.  The 13 most-significant bit(s) in the port expression will be connected to GND. ;
+------+--------+----------+-------------------------------------------------------------------------------------------------------------------------------------------------------------------------+


+-------------------------------------------------------------------------------------------------------------------------+
; Port Connectivity Checks: "slc3:my_slc|datapath:d0"                                                                     ;
+---------------+--------+----------+-------------------------------------------------------------------------------------+
; Port          ; Type   ; Severity ; Details                                                                             ;
+---------------+--------+----------+-------------------------------------------------------------------------------------+
; IR_out[10..6] ; Output ; Info     ; Connected to dangling logic. Logic that only feeds a dangling port will be removed. ;
; IR_out[4..0]  ; Output ; Info     ; Connected to dangling logic. Logic that only feeds a dangling port will be removed. ;
+---------------+--------+----------+-------------------------------------------------------------------------------------+


+-----------------------------------------------------+
; Post-Synthesis Netlist Statistics for Top Partition ;
+-----------------------+-----------------------------+
; Type                  ; Count                       ;
+-----------------------+-----------------------------+
; boundary_port         ; 129                         ;
; cycloneiii_ff         ; 283                         ;
;     ENA               ; 179                         ;
;     ENA SCLR          ; 16                          ;
;     ENA SCLR SLD      ; 16                          ;
;     SCLR              ; 3                           ;
;     plain             ; 69                          ;
; cycloneiii_io_obuf    ; 16                          ;
; cycloneiii_lcell_comb ; 569                         ;
;     arith             ; 30                          ;
;         3 data inputs ; 30                          ;
;     normal            ; 539                         ;
;         0 data inputs ; 1                           ;
;         1 data inputs ; 13                          ;
;         2 data inputs ; 65                          ;
;         3 data inputs ; 70                          ;
;         4 data inputs ; 390                         ;
;                       ;                             ;
; Max LUT depth         ; 13.50                       ;
; Average LUT depth     ; 7.39                        ;
+-----------------------+-----------------------------+


+-------------------------------+
; Elapsed Time Per Partition    ;
+----------------+--------------+
; Partition Name ; Elapsed Time ;
+----------------+--------------+
; Top            ; 00:00:01     ;
+----------------+--------------+


+-------------------------------+
; Analysis & Synthesis Messages ;
+-------------------------------+
Info: *******************************************************************
Info: Running Quartus Prime Analysis & Synthesis
    Info: Version 18.1.0 Build 625 09/12/2018 SJ Lite Edition
    Info: Processing started: Thu Nov 04 21:50:07 2021
Info: Command: quartus_map --read_settings_files=on --write_settings_files=off Lab6 -c Lab6
Warning (18236): Number of processors has not been specified which may cause overloading on shared machines.  Set the global assignment NUM_PARALLEL_PROCESSORS in your QSF to an appropriate value for best performance.
Info (20030): Parallel compilation is enabled and will use 4 of the 4 processors detected
Info (12021): Found 1 design units, including 1 entities, in source file tristate_mux41.sv
    Info (12023): Found entity 1: tristate_mux41 File: D:/home/Documents/University/Lessons/ECE_385/LAB/Lab6/lab6_model/tristate_mux41.sv Line: 1
Info (12021): Found 1 design units, including 1 entities, in source file tristate.sv
    Info (12023): Found entity 1: tristate File: D:/home/Documents/University/Lessons/ECE_385/LAB/Lab6/lab6_model/tristate.sv Line: 16
Info (12021): Found 1 design units, including 1 entities, in source file testbench_lab6.sv
    Info (12023): Found entity 1: testbench_lab6 File: D:/home/Documents/University/Lessons/ECE_385/LAB/Lab6/lab6_model/testbench_lab6.sv Line: 1
Info (12021): Found 1 design units, including 1 entities, in source file test_memory.sv
    Info (12023): Found entity 1: test_memory File: D:/home/Documents/University/Lessons/ECE_385/LAB/Lab6/lab6_model/test_memory.sv Line: 22
Info (12021): Found 3 design units, including 3 entities, in source file synchronizers.sv
    Info (12023): Found entity 1: sync File: D:/home/Documents/University/Lessons/ECE_385/LAB/Lab6/lab6_model/Synchronizers.sv Line: 4
    Info (12023): Found entity 2: sync_r0 File: D:/home/Documents/University/Lessons/ECE_385/LAB/Lab6/lab6_model/Synchronizers.sv Line: 18
    Info (12023): Found entity 3: sync_r1 File: D:/home/Documents/University/Lessons/ECE_385/LAB/Lab6/lab6_model/Synchronizers.sv Line: 39
Info (12021): Found 1 design units, including 0 entities, in source file slc3_2.sv
    Info (12022): Found design unit 1: SLC3_2 (SystemVerilog) File: D:/home/Documents/University/Lessons/ECE_385/LAB/Lab6/lab6_model/SLC3_2.sv Line: 24
Info (12021): Found 1 design units, including 1 entities, in source file slc3.sv
    Info (12023): Found entity 1: slc3 File: D:/home/Documents/University/Lessons/ECE_385/LAB/Lab6/lab6_model/slc3.sv Line: 19
Info (12021): Found 1 design units, including 1 entities, in source file regfile.sv
    Info (12023): Found entity 1: REGFILE File: D:/home/Documents/University/Lessons/ECE_385/LAB/Lab6/lab6_model/REGFILE.sv Line: 1
Info (12021): Found 1 design units, including 1 entities, in source file reg_16bit.sv
    Info (12023): Found entity 1: reg_16bit File: D:/home/Documents/University/Lessons/ECE_385/LAB/Lab6/lab6_model/reg_16bit.sv Line: 1
Info (12021): Found 1 design units, including 1 entities, in source file mux_41_dynamic.sv
    Info (12023): Found entity 1: mux_41_dynamic File: D:/home/Documents/University/Lessons/ECE_385/LAB/Lab6/lab6_model/mux_41_dynamic.sv Line: 1
Info (12021): Found 1 design units, including 1 entities, in source file mux_21_dynamic.sv
    Info (12023): Found entity 1: mux_21_dynamic File: D:/home/Documents/University/Lessons/ECE_385/LAB/Lab6/lab6_model/mux_21_dynamic.sv Line: 1
Info (12021): Found 1 design units, including 1 entities, in source file memory_contents.sv
    Info (12023): Found entity 1: memory_parser File: D:/home/Documents/University/Lessons/ECE_385/LAB/Lab6/lab6_model/memory_contents.sv Line: 16
Info (12021): Found 1 design units, including 1 entities, in source file mem2io.sv
    Info (12023): Found entity 1: Mem2IO File: D:/home/Documents/University/Lessons/ECE_385/LAB/Lab6/lab6_model/Mem2IO.sv Line: 16
Info (12021): Found 1 design units, including 1 entities, in source file lab6_toplevel.sv
    Info (12023): Found entity 1: lab6_toplevel File: D:/home/Documents/University/Lessons/ECE_385/LAB/Lab6/lab6_model/lab6_toplevel.sv Line: 10
Info (12021): Found 1 design units, including 1 entities, in source file isdu.sv
    Info (12023): Found entity 1: ISDU File: D:/home/Documents/University/Lessons/ECE_385/LAB/Lab6/lab6_model/ISDU.sv Line: 19
Info (12021): Found 1 design units, including 1 entities, in source file hexdriver.sv
    Info (12023): Found entity 1: HexDriver File: D:/home/Documents/University/Lessons/ECE_385/LAB/Lab6/lab6_model/HexDriver.sv Line: 1
Info (12021): Found 1 design units, including 1 entities, in source file datapath.sv
    Info (12023): Found entity 1: datapath File: D:/home/Documents/University/Lessons/ECE_385/LAB/Lab6/lab6_model/datapath.sv Line: 1
Info (12021): Found 1 design units, including 1 entities, in source file ben.sv
    Info (12023): Found entity 1: BEN File: D:/home/Documents/University/Lessons/ECE_385/LAB/Lab6/lab6_model/BEN.sv Line: 1
Info (12021): Found 1 design units, including 1 entities, in source file alu.sv
    Info (12023): Found entity 1: ALU File: D:/home/Documents/University/Lessons/ECE_385/LAB/Lab6/lab6_model/ALU.sv Line: 1
Info (12127): Elaborating entity "lab6_toplevel" for the top level hierarchy
Info (12128): Elaborating entity "slc3" for hierarchy "slc3:my_slc" File: D:/home/Documents/University/Lessons/ECE_385/LAB/Lab6/lab6_model/lab6_toplevel.sv Line: 18
Info (12128): Elaborating entity "sync" for hierarchy "slc3:my_slc|sync:re0" File: D:/home/Documents/University/Lessons/ECE_385/LAB/Lab6/lab6_model/slc3.sv Line: 32
Info (12128): Elaborating entity "HexDriver" for hierarchy "slc3:my_slc|HexDriver:hex_driver3" File: D:/home/Documents/University/Lessons/ECE_385/LAB/Lab6/lab6_model/slc3.sv Line: 62
Info (12128): Elaborating entity "datapath" for hierarchy "slc3:my_slc|datapath:d0" File: D:/home/Documents/University/Lessons/ECE_385/LAB/Lab6/lab6_model/slc3.sv Line: 89
Info (12128): Elaborating entity "mux_21_dynamic" for hierarchy "slc3:my_slc|datapath:d0|mux_21_dynamic:mdrmux" File: D:/home/Documents/University/Lessons/ECE_385/LAB/Lab6/lab6_model/datapath.sv Line: 38
Info (12128): Elaborating entity "mux_21_dynamic" for hierarchy "slc3:my_slc|datapath:d0|mux_21_dynamic:sr1mux" File: D:/home/Documents/University/Lessons/ECE_385/LAB/Lab6/lab6_model/datapath.sv Line: 59
Info (12128): Elaborating entity "mux_41_dynamic" for hierarchy "slc3:my_slc|datapath:d0|mux_41_dynamic:pcmux" File: D:/home/Documents/University/Lessons/ECE_385/LAB/Lab6/lab6_model/datapath.sv Line: 68
Info (12128): Elaborating entity "tristate_mux41" for hierarchy "slc3:my_slc|datapath:d0|tristate_mux41:tristategate" File: D:/home/Documents/University/Lessons/ECE_385/LAB/Lab6/lab6_model/datapath.sv Line: 99
Warning (10958): SystemVerilog warning at tristate_mux41.sv(10): unique or priority keyword makes case statement complete File: D:/home/Documents/University/Lessons/ECE_385/LAB/Lab6/lab6_model/tristate_mux41.sv Line: 10
Info (12128): Elaborating entity "REGFILE" for hierarchy "slc3:my_slc|datapath:d0|REGFILE:reg_file" File: D:/home/Documents/University/Lessons/ECE_385/LAB/Lab6/lab6_model/datapath.sv Line: 111
Info (12128): Elaborating entity "reg_16bit" for hierarchy "slc3:my_slc|datapath:d0|reg_16bit:IR" File: D:/home/Documents/University/Lessons/ECE_385/LAB/Lab6/lab6_model/datapath.sv Line: 119
Info (12128): Elaborating entity "ALU" for hierarchy "slc3:my_slc|datapath:d0|ALU:myALU" File: D:/home/Documents/University/Lessons/ECE_385/LAB/Lab6/lab6_model/datapath.sv Line: 150
Info (12128): Elaborating entity "BEN" for hierarchy "slc3:my_slc|datapath:d0|BEN:myBEN" File: D:/home/Documents/University/Lessons/ECE_385/LAB/Lab6/lab6_model/datapath.sv Line: 157
Info (12128): Elaborating entity "Mem2IO" for hierarchy "slc3:my_slc|Mem2IO:memory_subsystem" File: D:/home/Documents/University/Lessons/ECE_385/LAB/Lab6/lab6_model/slc3.sv Line: 97
Info (12128): Elaborating entity "tristate" for hierarchy "slc3:my_slc|tristate:tr0" File: D:/home/Documents/University/Lessons/ECE_385/LAB/Lab6/lab6_model/slc3.sv Line: 102
Info (12128): Elaborating entity "ISDU" for hierarchy "slc3:my_slc|ISDU:state_controller" File: D:/home/Documents/University/Lessons/ECE_385/LAB/Lab6/lab6_model/slc3.sv Line: 109
Info (12128): Elaborating entity "test_memory" for hierarchy "test_memory:my_test_memory" File: D:/home/Documents/University/Lessons/ECE_385/LAB/Lab6/lab6_model/lab6_toplevel.sv Line: 27
Warning (10036): Verilog HDL or VHDL warning at test_memory.sv(42): object "actual_address" assigned a value but never read File: D:/home/Documents/University/Lessons/ECE_385/LAB/Lab6/lab6_model/test_memory.sv Line: 42
Info (12128): Elaborating entity "memory_parser" for hierarchy "test_memory:my_test_memory|memory_parser:parser" File: D:/home/Documents/University/Lessons/ECE_385/LAB/Lab6/lab6_model/test_memory.sv Line: 48
Warning (12011): Net is missing source, defaulting to GND
    Warning (12110): Net "slc3:my_slc|datapath:d0|drmux_out[15]" is missing source, defaulting to GND File: D:/home/Documents/University/Lessons/ECE_385/LAB/Lab6/lab6_model/datapath.sv Line: 24
    Warning (12110): Net "slc3:my_slc|datapath:d0|drmux_out[14]" is missing source, defaulting to GND File: D:/home/Documents/University/Lessons/ECE_385/LAB/Lab6/lab6_model/datapath.sv Line: 24
    Warning (12110): Net "slc3:my_slc|datapath:d0|drmux_out[13]" is missing source, defaulting to GND File: D:/home/Documents/University/Lessons/ECE_385/LAB/Lab6/lab6_model/datapath.sv Line: 24
    Warning (12110): Net "slc3:my_slc|datapath:d0|drmux_out[12]" is missing source, defaulting to GND File: D:/home/Documents/University/Lessons/ECE_385/LAB/Lab6/lab6_model/datapath.sv Line: 24
    Warning (12110): Net "slc3:my_slc|datapath:d0|drmux_out[11]" is missing source, defaulting to GND File: D:/home/Documents/University/Lessons/ECE_385/LAB/Lab6/lab6_model/datapath.sv Line: 24
    Warning (12110): Net "slc3:my_slc|datapath:d0|drmux_out[10]" is missing source, defaulting to GND File: D:/home/Documents/University/Lessons/ECE_385/LAB/Lab6/lab6_model/datapath.sv Line: 24
    Warning (12110): Net "slc3:my_slc|datapath:d0|drmux_out[9]" is missing source, defaulting to GND File: D:/home/Documents/University/Lessons/ECE_385/LAB/Lab6/lab6_model/datapath.sv Line: 24
    Warning (12110): Net "slc3:my_slc|datapath:d0|drmux_out[8]" is missing source, defaulting to GND File: D:/home/Documents/University/Lessons/ECE_385/LAB/Lab6/lab6_model/datapath.sv Line: 24
    Warning (12110): Net "slc3:my_slc|datapath:d0|drmux_out[7]" is missing source, defaulting to GND File: D:/home/Documents/University/Lessons/ECE_385/LAB/Lab6/lab6_model/datapath.sv Line: 24
    Warning (12110): Net "slc3:my_slc|datapath:d0|drmux_out[6]" is missing source, defaulting to GND File: D:/home/Documents/University/Lessons/ECE_385/LAB/Lab6/lab6_model/datapath.sv Line: 24
    Warning (12110): Net "slc3:my_slc|datapath:d0|drmux_out[5]" is missing source, defaulting to GND File: D:/home/Documents/University/Lessons/ECE_385/LAB/Lab6/lab6_model/datapath.sv Line: 24
    Warning (12110): Net "slc3:my_slc|datapath:d0|drmux_out[4]" is missing source, defaulting to GND File: D:/home/Documents/University/Lessons/ECE_385/LAB/Lab6/lab6_model/datapath.sv Line: 24
    Warning (12110): Net "slc3:my_slc|datapath:d0|drmux_out[3]" is missing source, defaulting to GND File: D:/home/Documents/University/Lessons/ECE_385/LAB/Lab6/lab6_model/datapath.sv Line: 24
    Warning (12110): Net "slc3:my_slc|datapath:d0|reg_file_sr1_in[15]" is missing source, defaulting to GND File: D:/home/Documents/University/Lessons/ECE_385/LAB/Lab6/lab6_model/datapath.sv Line: 26
    Warning (12110): Net "slc3:my_slc|datapath:d0|reg_file_sr1_in[14]" is missing source, defaulting to GND File: D:/home/Documents/University/Lessons/ECE_385/LAB/Lab6/lab6_model/datapath.sv Line: 26
    Warning (12110): Net "slc3:my_slc|datapath:d0|reg_file_sr1_in[13]" is missing source, defaulting to GND File: D:/home/Documents/University/Lessons/ECE_385/LAB/Lab6/lab6_model/datapath.sv Line: 26
    Warning (12110): Net "slc3:my_slc|datapath:d0|reg_file_sr1_in[12]" is missing source, defaulting to GND File: D:/home/Documents/University/Lessons/ECE_385/LAB/Lab6/lab6_model/datapath.sv Line: 26
    Warning (12110): Net "slc3:my_slc|datapath:d0|reg_file_sr1_in[11]" is missing source, defaulting to GND File: D:/home/Documents/University/Lessons/ECE_385/LAB/Lab6/lab6_model/datapath.sv Line: 26
    Warning (12110): Net "slc3:my_slc|datapath:d0|reg_file_sr1_in[10]" is missing source, defaulting to GND File: D:/home/Documents/University/Lessons/ECE_385/LAB/Lab6/lab6_model/datapath.sv Line: 26
    Warning (12110): Net "slc3:my_slc|datapath:d0|reg_file_sr1_in[9]" is missing source, defaulting to GND File: D:/home/Documents/University/Lessons/ECE_385/LAB/Lab6/lab6_model/datapath.sv Line: 26
    Warning (12110): Net "slc3:my_slc|datapath:d0|reg_file_sr1_in[8]" is missing source, defaulting to GND File: D:/home/Documents/University/Lessons/ECE_385/LAB/Lab6/lab6_model/datapath.sv Line: 26
    Warning (12110): Net "slc3:my_slc|datapath:d0|reg_file_sr1_in[7]" is missing source, defaulting to GND File: D:/home/Documents/University/Lessons/ECE_385/LAB/Lab6/lab6_model/datapath.sv Line: 26
    Warning (12110): Net "slc3:my_slc|datapath:d0|reg_file_sr1_in[6]" is missing source, defaulting to GND File: D:/home/Documents/University/Lessons/ECE_385/LAB/Lab6/lab6_model/datapath.sv Line: 26
    Warning (12110): Net "slc3:my_slc|datapath:d0|reg_file_sr1_in[5]" is missing source, defaulting to GND File: D:/home/Documents/University/Lessons/ECE_385/LAB/Lab6/lab6_model/datapath.sv Line: 26
    Warning (12110): Net "slc3:my_slc|datapath:d0|reg_file_sr1_in[4]" is missing source, defaulting to GND File: D:/home/Documents/University/Lessons/ECE_385/LAB/Lab6/lab6_model/datapath.sv Line: 26
    Warning (12110): Net "slc3:my_slc|datapath:d0|reg_file_sr1_in[3]" is missing source, defaulting to GND File: D:/home/Documents/University/Lessons/ECE_385/LAB/Lab6/lab6_model/datapath.sv Line: 26
Warning (13046): Tri-state node(s) do not directly drive top-level pin(s)
    Warning (13049): Converted tri-state buffer "slc3:my_slc|datapath:d0|BEN:myBEN|p" feeding internal logic into a wire File: D:/home/Documents/University/Lessons/ECE_385/LAB/Lab6/lab6_model/BEN.sv Line: 7
    Warning (13049): Converted tri-state buffer "slc3:my_slc|datapath:d0|BEN:myBEN|z" feeding internal logic into a wire File: D:/home/Documents/University/Lessons/ECE_385/LAB/Lab6/lab6_model/BEN.sv Line: 7
    Warning (13049): Converted tri-state buffer "slc3:my_slc|datapath:d0|BEN:myBEN|n" feeding internal logic into a wire File: D:/home/Documents/University/Lessons/ECE_385/LAB/Lab6/lab6_model/BEN.sv Line: 7
Warning (12241): 3 hierarchies have connectivity warnings - see the Connectivity Checks report folder
Warning (13024): Output pins are stuck at VCC or GND
    Warning (13410): Pin "CE" is stuck at GND File: D:/home/Documents/University/Lessons/ECE_385/LAB/Lab6/lab6_model/lab6_toplevel.sv Line: 14
    Warning (13410): Pin "UB" is stuck at GND File: D:/home/Documents/University/Lessons/ECE_385/LAB/Lab6/lab6_model/lab6_toplevel.sv Line: 14
    Warning (13410): Pin "LB" is stuck at GND File: D:/home/Documents/University/Lessons/ECE_385/LAB/Lab6/lab6_model/lab6_toplevel.sv Line: 14
    Warning (13410): Pin "ADDR[16]" is stuck at GND File: D:/home/Documents/University/Lessons/ECE_385/LAB/Lab6/lab6_model/lab6_toplevel.sv Line: 15
    Warning (13410): Pin "ADDR[17]" is stuck at GND File: D:/home/Documents/University/Lessons/ECE_385/LAB/Lab6/lab6_model/lab6_toplevel.sv Line: 15
    Warning (13410): Pin "ADDR[18]" is stuck at GND File: D:/home/Documents/University/Lessons/ECE_385/LAB/Lab6/lab6_model/lab6_toplevel.sv Line: 15
    Warning (13410): Pin "ADDR[19]" is stuck at GND File: D:/home/Documents/University/Lessons/ECE_385/LAB/Lab6/lab6_model/lab6_toplevel.sv Line: 15
Info (286030): Timing-Driven Synthesis is running
Info (17049): 5 registers lost all their fanouts during netlist optimizations.
Info (144001): Generated suppressed messages file D:/home/Documents/University/Lessons/ECE_385/LAB/Lab6/lab6_model/output_files/Lab6.map.smsg
Info (16010): Generating hard_block partition "hard_block:auto_generated_inst"
    Info (16011): Adding 0 node(s), including 0 DDIO, 0 PLL, 0 transceiver and 0 LCELL
Info (21057): Implemented 896 device resources after synthesis - the final resource count might be different
    Info (21058): Implemented 20 input pins
    Info (21059): Implemented 93 output pins
    Info (21060): Implemented 16 bidirectional pins
    Info (21061): Implemented 767 logic cells
Info: Quartus Prime Analysis & Synthesis was successful. 0 errors, 43 warnings
    Info: Peak virtual memory: 4767 megabytes
    Info: Processing ended: Thu Nov 04 21:50:19 2021
    Info: Elapsed time: 00:00:12
    Info: Total CPU time (on all processors): 00:00:21


+------------------------------------------+
; Analysis & Synthesis Suppressed Messages ;
+------------------------------------------+
The suppressed messages can be found in D:/home/Documents/University/Lessons/ECE_385/LAB/Lab6/lab6_model/output_files/Lab6.map.smsg.


